<?xml version="1.0" encoding="UTF-8"?>
<testng-results skipped="9" failed="0" total="9" passed="0">
  <reporter-output>
  </reporter-output>
  <suite name="Suite" duration-ms="15469" started-at="2018-10-11T19:35:06Z" finished-at="2018-10-11T19:35:22Z">
    <groups>
    </groups>
    <test name="US Demo" duration-ms="15469" started-at="2018-10-11T19:35:06Z" finished-at="2018-10-11T19:35:22Z">
      <class name="main.US_Demo">
        <test-method status="PASS" signature="beforeSuite()[pri:0, instance:main.US_Demo@6a41eaa2]" name="beforeSuite" is-config="true" duration-ms="369" started-at="2018-10-12T01:05:06Z" finished-at="2018-10-12T01:05:06Z">
          <reporter-output>
          </reporter-output>
        </test-method> <!-- beforeSuite -->
        <test-method status="FAIL" signature="beforeTest(java.lang.String)[pri:0, instance:main.US_Demo@6a41eaa2]" name="beforeTest" is-config="true" duration-ms="0" started-at="2018-10-12T01:05:06Z" finished-at="2018-10-12T01:05:06Z">
          <params>
            <param index="0">
              <value>
                <![CDATA[US_Demo]]>
              </value>
            </param>
          </params>
          <exception class="org.openqa.selenium.NoSuchElementException">
            <message>
              <![CDATA[no such element: Unable to locate element: {"method":"xpath","selector":"//input[@name='username']"}
  (Session info: chrome=68.0.3440.84)
  (Driver info: chromedriver=2.37.544315 (730aa6a5fdba159ac9f4c1e8cbc59bf1b5ce12b7),platform=Windows NT 10.0.10586 x86_64) (WARNING: The server did not provide any stacktrace information)
Command duration or timeout: 27 milliseconds
For documentation on this error, please visit: http://seleniumhq.org/exceptions/no_such_element.html
Build info: version: '2.53.0', revision: '35ae25b', time: '2016-03-15 17:00:58'
System info: host: 'DESKTOP-J2KL888', ip: '192.168.37.1', os.name: 'Windows 10', os.arch: 'amd64', os.version: '10.0', java.version: '1.8.0_131'
Driver info: org.openqa.selenium.chrome.ChromeDriver
Capabilities [{applicationCacheEnabled=false, rotatable=false, mobileEmulationEnabled=false, networkConnectionEnabled=false, chrome={chromedriverVersion=2.37.544315 (730aa6a5fdba159ac9f4c1e8cbc59bf1b5ce12b7), userDataDir=C:\Users\admin\AppData\Local\Temp\scoped_dir11216_23188}, takesHeapSnapshot=true, pageLoadStrategy=normal, databaseEnabled=false, handlesAlerts=true, hasTouchScreen=false, version=68.0.3440.84, platform=XP, browserConnectionEnabled=false, nativeEvents=true, acceptSslCerts=false, acceptInsecureCerts=false, locationContextEnabled=true, webStorageEnabled=true, browserName=chrome, takesScreenshot=true, javascriptEnabled=true, cssSelectorsEnabled=true, setWindowRect=true, unexpectedAlertBehaviour=}]
Session ID: 4abdbcc51a157dc3e3c95109a9c23c8d
*** Element info: {Using=xpath, value=//input[@name='username']}]]>
            </message>
            <full-stacktrace>
              <![CDATA[org.openqa.selenium.NoSuchElementException: no such element: Unable to locate element: {"method":"xpath","selector":"//input[@name='username']"}
  (Session info: chrome=68.0.3440.84)
  (Driver info: chromedriver=2.37.544315 (730aa6a5fdba159ac9f4c1e8cbc59bf1b5ce12b7),platform=Windows NT 10.0.10586 x86_64) (WARNING: The server did not provide any stacktrace information)
Command duration or timeout: 27 milliseconds
For documentation on this error, please visit: http://seleniumhq.org/exceptions/no_such_element.html
Build info: version: '2.53.0', revision: '35ae25b', time: '2016-03-15 17:00:58'
System info: host: 'DESKTOP-J2KL888', ip: '192.168.37.1', os.name: 'Windows 10', os.arch: 'amd64', os.version: '10.0', java.version: '1.8.0_131'
Driver info: org.openqa.selenium.chrome.ChromeDriver
Capabilities [{applicationCacheEnabled=false, rotatable=false, mobileEmulationEnabled=false, networkConnectionEnabled=false, chrome={chromedriverVersion=2.37.544315 (730aa6a5fdba159ac9f4c1e8cbc59bf1b5ce12b7), userDataDir=C:\Users\admin\AppData\Local\Temp\scoped_dir11216_23188}, takesHeapSnapshot=true, pageLoadStrategy=normal, databaseEnabled=false, handlesAlerts=true, hasTouchScreen=false, version=68.0.3440.84, platform=XP, browserConnectionEnabled=false, nativeEvents=true, acceptSslCerts=false, acceptInsecureCerts=false, locationContextEnabled=true, webStorageEnabled=true, browserName=chrome, takesScreenshot=true, javascriptEnabled=true, cssSelectorsEnabled=true, setWindowRect=true, unexpectedAlertBehaviour=}]
Session ID: 4abdbcc51a157dc3e3c95109a9c23c8d
*** Element info: {Using=xpath, value=//input[@name='username']}
	at sun.reflect.NativeConstructorAccessorImpl.newInstance0(Native Method)
	at sun.reflect.NativeConstructorAccessorImpl.newInstance(Unknown Source)
	at sun.reflect.DelegatingConstructorAccessorImpl.newInstance(Unknown Source)
	at java.lang.reflect.Constructor.newInstance(Unknown Source)
	at org.openqa.selenium.remote.ErrorHandler.createThrowable(ErrorHandler.java:206)
	at org.openqa.selenium.remote.ErrorHandler.throwIfResponseFailed(ErrorHandler.java:158)
	at org.openqa.selenium.remote.RemoteWebDriver.execute(RemoteWebDriver.java:678)
	at org.openqa.selenium.remote.RemoteWebDriver.findElement(RemoteWebDriver.java:363)
	at org.openqa.selenium.remote.RemoteWebDriver.findElementByXPath(RemoteWebDriver.java:500)
	at org.openqa.selenium.By$ByXPath.findElement(By.java:361)
	at org.openqa.selenium.remote.RemoteWebDriver.findElement(RemoteWebDriver.java:355)
	at library.BackendCommonFunctionality.login(BackendCommonFunctionality.java:63)
	at main.US_Demo.beforeTest(US_Demo.java:619)
	at sun.reflect.NativeMethodAccessorImpl.invoke0(Native Method)
	at sun.reflect.NativeMethodAccessorImpl.invoke(Unknown Source)
	at sun.reflect.DelegatingMethodAccessorImpl.invoke(Unknown Source)
	at java.lang.reflect.Method.invoke(Unknown Source)
	at org.testng.internal.MethodInvocationHelper.invokeMethod(MethodInvocationHelper.java:85)
	at org.testng.internal.Invoker.invokeConfigurationMethod(Invoker.java:510)
	at org.testng.internal.Invoker.invokeConfigurations(Invoker.java:211)
	at org.testng.internal.Invoker.invokeConfigurations(Invoker.java:138)
	at org.testng.TestRunner.beforeRun(TestRunner.java:648)
	at org.testng.TestRunner.run(TestRunner.java:616)
	at org.testng.SuiteRunner.runTest(SuiteRunner.java:359)
	at org.testng.SuiteRunner.runSequentially(SuiteRunner.java:354)
	at org.testng.SuiteRunner.privateRun(SuiteRunner.java:312)
	at org.testng.SuiteRunner.run(SuiteRunner.java:261)
	at org.testng.SuiteRunnerWorker.runSuite(SuiteRunnerWorker.java:52)
	at org.testng.SuiteRunnerWorker.run(SuiteRunnerWorker.java:86)
	at org.testng.TestNG.runSuitesSequentially(TestNG.java:1215)
	at org.testng.TestNG.runSuitesLocally(TestNG.java:1140)
	at org.testng.TestNG.run(TestNG.java:1048)
	at org.testng.remote.AbstractRemoteTestNG.run(AbstractRemoteTestNG.java:114)
	at org.testng.remote.RemoteTestNG.initAndRun(RemoteTestNG.java:251)
	at org.testng.remote.RemoteTestNG.main(RemoteTestNG.java:77)
]]>
            </full-stacktrace>
          </exception> <!-- org.openqa.selenium.NoSuchElementException -->
          <reporter-output>
          </reporter-output>
        </test-method> <!-- beforeTest -->
        <test-method status="SKIP" signature="tc_01()[pri:1, instance:main.US_Demo@6a41eaa2]" name="tc_01" duration-ms="2" started-at="2018-10-12T01:05:22Z" finished-at="2018-10-12T01:05:22Z">
          <reporter-output>
          </reporter-output>
        </test-method> <!-- tc_01 -->
        <test-method status="SKIP" signature="tc_02()[pri:2, instance:main.US_Demo@6a41eaa2]" name="tc_02" duration-ms="3" started-at="2018-10-12T01:05:22Z" finished-at="2018-10-12T01:05:22Z">
          <reporter-output>
          </reporter-output>
        </test-method> <!-- tc_02 -->
        <test-method status="SKIP" signature="tc_03()[pri:3, instance:main.US_Demo@6a41eaa2]" name="tc_03" duration-ms="3" started-at="2018-10-12T01:05:22Z" finished-at="2018-10-12T01:05:22Z">
          <reporter-output>
          </reporter-output>
        </test-method> <!-- tc_03 -->
        <test-method status="SKIP" signature="tc_05()[pri:5, instance:main.US_Demo@6a41eaa2]" name="tc_05" duration-ms="3" started-at="2018-10-12T01:05:22Z" finished-at="2018-10-12T01:05:22Z">
          <reporter-output>
          </reporter-output>
        </test-method> <!-- tc_05 -->
        <test-method status="SKIP" signature="tc_06()[pri:6, instance:main.US_Demo@6a41eaa2]" name="tc_06" duration-ms="4" started-at="2018-10-12T01:05:22Z" finished-at="2018-10-12T01:05:22Z">
          <reporter-output>
          </reporter-output>
        </test-method> <!-- tc_06 -->
        <test-method status="SKIP" signature="tc_07()[pri:7, instance:main.US_Demo@6a41eaa2]" name="tc_07" duration-ms="1" started-at="2018-10-12T01:05:22Z" finished-at="2018-10-12T01:05:22Z">
          <reporter-output>
          </reporter-output>
        </test-method> <!-- tc_07 -->
        <test-method status="SKIP" signature="tc_08()[pri:8, instance:main.US_Demo@6a41eaa2]" name="tc_08" duration-ms="3" started-at="2018-10-12T01:05:22Z" finished-at="2018-10-12T01:05:22Z">
          <reporter-output>
          </reporter-output>
        </test-method> <!-- tc_08 -->
        <test-method status="SKIP" signature="tc_09()[pri:9, instance:main.US_Demo@6a41eaa2]" name="tc_09" duration-ms="2" started-at="2018-10-12T01:05:22Z" finished-at="2018-10-12T01:05:22Z">
          <reporter-output>
          </reporter-output>
        </test-method> <!-- tc_09 -->
        <test-method status="SKIP" signature="tc_10()[pri:10, instance:main.US_Demo@6a41eaa2]" name="tc_10" duration-ms="9" started-at="2018-10-12T01:05:22Z" finished-at="2018-10-12T01:05:22Z">
          <reporter-output>
          </reporter-output>
        </test-method> <!-- tc_10 -->
        <test-method status="SKIP" signature="afterTest()[pri:0, instance:main.US_Demo@6a41eaa2]" name="afterTest" is-config="true" duration-ms="0" started-at="2018-10-12T01:05:22Z" finished-at="2018-10-12T01:05:22Z">
          <reporter-output>
          </reporter-output>
        </test-method> <!-- afterTest -->
        <test-method status="SKIP" signature="aftersuite()[pri:0, instance:main.US_Demo@6a41eaa2]" name="aftersuite" is-config="true" duration-ms="0" started-at="2018-10-12T01:05:22Z" finished-at="2018-10-12T01:05:22Z">
          <reporter-output>
          </reporter-output>
        </test-method> <!-- aftersuite -->
      </class> <!-- main.US_Demo -->
    </test> <!-- US Demo -->
  </suite> <!-- Suite -->
</testng-results>
