<?xml version="1.0" encoding="UTF-8"?>
<!-- Generated by org.testng.reporters.JUnitXMLReporter -->
<testsuite hostname="SYNPSZD4426" name="Regression suite 1" tests="202" failures="0" timestamp="30 May 2018 06:00:08 GMT" time="0.929" errors="0">
  <testcase name="@BeforeTest beforeTest" time="0.0" classname="main.NewUserStories.US_206721">
    <failure type="org.testng.TestNGException" message="
Parameter &amp;apos;US_Name&amp;apos; is required by @Configuration on method beforeTest but has not been marked @Optional or defined
in D:\SeleniumWorkspace\ServiceAreaMaintanance\test.xml">
      <![CDATA[org.testng.TestNGException: 
Parameter 'US_Name' is required by @Configuration on method beforeTest but has not been marked @Optional or defined
in D:\SeleniumWorkspace\ServiceAreaMaintanance\test.xml
... Removed 19 stack frames]]>
    </failure>
  </testcase> <!-- @BeforeTest beforeTest -->
  <testcase name="@BeforeTest beforeTest" time="0.0" classname="main.NewUserStories.US_206721">
    <skipped/>
  </testcase> <!-- @BeforeTest beforeTest -->
  <testcase name="@BeforeTest beforeTest" time="0.0" classname="main.NewUserStories.US_206721">
    <skipped/>
  </testcase> <!-- @BeforeTest beforeTest -->
  <testcase name="@BeforeTest beforeTest" time="0.0" classname="main.NewUserStories.US_206721">
    <skipped/>
  </testcase> <!-- @BeforeTest beforeTest -->
  <testcase name="@BeforeTest beforeTest" time="0.0" classname="main.NewUserStories.US_206721">
    <skipped/>
  </testcase> <!-- @BeforeTest beforeTest -->
  <testcase name="@BeforeTest beforeTest" time="0.0" classname="main.NewUserStories.US_206721">
    <skipped/>
  </testcase> <!-- @BeforeTest beforeTest -->
  <testcase name="@BeforeTest beforeTest" time="0.0" classname="main.NewUserStories.US_206721">
    <skipped/>
  </testcase> <!-- @BeforeTest beforeTest -->
  <testcase name="@BeforeTest beforeTest" time="0.0" classname="main.NewUserStories.US_206721">
    <skipped/>
  </testcase> <!-- @BeforeTest beforeTest -->
  <testcase name="@BeforeTest beforeTest" time="0.0" classname="main.NewUserStories.US_206721">
    <skipped/>
  </testcase> <!-- @BeforeTest beforeTest -->
  <testcase name="@BeforeTest beforeTest" time="0.0" classname="main.NewUserStories.US_206721">
    <skipped/>
  </testcase> <!-- @BeforeTest beforeTest -->
  <testcase name="@BeforeTest beforeTest" time="0.0" classname="main.NewUserStories.US_206721">
    <skipped/>
  </testcase> <!-- @BeforeTest beforeTest -->
  <testcase name="@BeforeTest beforeTest" time="0.0" classname="main.NewUserStories.US_206721">
    <skipped/>
  </testcase> <!-- @BeforeTest beforeTest -->
  <testcase name="@BeforeTest beforeTest" time="0.0" classname="main.NewUserStories.US_206721">
    <skipped/>
  </testcase> <!-- @BeforeTest beforeTest -->
  <testcase name="@BeforeTest beforeTest" time="0.0" classname="main.NewUserStories.US_206721">
    <skipped/>
  </testcase> <!-- @BeforeTest beforeTest -->
  <testcase name="@BeforeTest beforeTest" time="0.0" classname="main.NewUserStories.US_206721">
    <skipped/>
  </testcase> <!-- @BeforeTest beforeTest -->
  <testcase name="@BeforeTest beforeTest" time="0.0" classname="main.NewUserStories.US_206721">
    <skipped/>
  </testcase> <!-- @BeforeTest beforeTest -->
  <testcase name="@BeforeTest beforeTest" time="0.0" classname="main.NewUserStories.US_206721">
    <skipped/>
  </testcase> <!-- @BeforeTest beforeTest -->
  <testcase name="@BeforeTest beforeTest" time="0.0" classname="main.NewUserStories.US_206721">
    <skipped/>
  </testcase> <!-- @BeforeTest beforeTest -->
  <testcase name="@BeforeTest beforeTest" time="0.0" classname="main.NewUserStories.US_206721">
    <skipped/>
  </testcase> <!-- @BeforeTest beforeTest -->
  <testcase name="@BeforeTest beforeTest" time="0.0" classname="main.NewUserStories.US_206721">
    <skipped/>
  </testcase> <!-- @BeforeTest beforeTest -->
  <testcase name="@BeforeTest beforeTest" time="0.0" classname="main.NewUserStories.US_206721">
    <skipped/>
  </testcase> <!-- @BeforeTest beforeTest -->
  <testcase name="@BeforeTest beforeTest" time="0.0" classname="main.NewUserStories.US_206721">
    <skipped/>
  </testcase> <!-- @BeforeTest beforeTest -->
  <testcase name="@BeforeTest beforeTest" time="0.0" classname="main.NewUserStories.US_206721">
    <skipped/>
  </testcase> <!-- @BeforeTest beforeTest -->
  <testcase name="@BeforeTest beforeTest" time="0.0" classname="main.NewUserStories.US_206721">
    <skipped/>
  </testcase> <!-- @BeforeTest beforeTest -->
  <testcase name="@BeforeTest beforeTest" time="0.0" classname="main.NewUserStories.US_206721">
    <skipped/>
  </testcase> <!-- @BeforeTest beforeTest -->
  <testcase name="@BeforeTest beforeTest" time="0.0" classname="main.NewUserStories.US_206721">
    <skipped/>
  </testcase> <!-- @BeforeTest beforeTest -->
  <testcase name="@BeforeTest beforeTest" time="0.0" classname="main.NewUserStories.US_206721">
    <skipped/>
  </testcase> <!-- @BeforeTest beforeTest -->
  <testcase name="@BeforeTest beforeTest" time="0.0" classname="main.NewUserStories.US_206721">
    <skipped/>
  </testcase> <!-- @BeforeTest beforeTest -->
  <testcase name="@BeforeTest beforeTest" time="0.0" classname="main.NewUserStories.US_206721">
    <skipped/>
  </testcase> <!-- @BeforeTest beforeTest -->
  <testcase name="@BeforeTest beforeTest" time="0.0" classname="main.NewUserStories.US_206721">
    <skipped/>
  </testcase> <!-- @BeforeTest beforeTest -->
  <testcase name="@BeforeTest beforeTest" time="0.0" classname="main.NewUserStories.US_206721">
    <skipped/>
  </testcase> <!-- @BeforeTest beforeTest -->
  <testcase name="@BeforeTest beforeTest" time="0.0" classname="main.NewUserStories.US_206721">
    <skipped/>
  </testcase> <!-- @BeforeTest beforeTest -->
  <testcase name="@BeforeTest beforeTest" time="0.0" classname="main.NewUserStories.US_206721">
    <skipped/>
  </testcase> <!-- @BeforeTest beforeTest -->
  <testcase name="@BeforeTest beforeTest" time="0.0" classname="main.NewUserStories.US_206721">
    <skipped/>
  </testcase> <!-- @BeforeTest beforeTest -->
  <testcase name="@BeforeTest beforeTest" time="0.0" classname="main.NewUserStories.US_206721">
    <skipped/>
  </testcase> <!-- @BeforeTest beforeTest -->
  <testcase name="@BeforeTest beforeTest" time="0.0" classname="main.NewUserStories.US_206721">
    <skipped/>
  </testcase> <!-- @BeforeTest beforeTest -->
  <testcase name="@BeforeTest beforeTest" time="0.0" classname="main.NewUserStories.US_206721">
    <skipped/>
  </testcase> <!-- @BeforeTest beforeTest -->
  <testcase name="@AfterTest afterTest" time="0.0" classname="main.NewUserStories.US_206721">
    <skipped/>
  </testcase> <!-- @AfterTest afterTest -->
  <testcase name="@AfterTest afterTest" time="0.0" classname="main.NewUserStories.US_206721">
    <skipped/>
  </testcase> <!-- @AfterTest afterTest -->
  <testcase name="@AfterTest afterTest" time="0.0" classname="main.NewUserStories.US_206721">
    <skipped/>
  </testcase> <!-- @AfterTest afterTest -->
  <testcase name="@AfterTest afterTest" time="0.0" classname="main.NewUserStories.US_206721">
    <skipped/>
  </testcase> <!-- @AfterTest afterTest -->
  <testcase name="@AfterTest afterTest" time="0.0" classname="main.NewUserStories.US_206721">
    <skipped/>
  </testcase> <!-- @AfterTest afterTest -->
  <testcase name="@AfterTest afterTest" time="0.0" classname="main.NewUserStories.US_206721">
    <skipped/>
  </testcase> <!-- @AfterTest afterTest -->
  <testcase name="@AfterTest afterTest" time="0.0" classname="main.NewUserStories.US_206721">
    <skipped/>
  </testcase> <!-- @AfterTest afterTest -->
  <testcase name="@AfterTest afterTest" time="0.0" classname="main.NewUserStories.US_206721">
    <skipped/>
  </testcase> <!-- @AfterTest afterTest -->
  <testcase name="@AfterTest afterTest" time="0.0" classname="main.NewUserStories.US_206721">
    <skipped/>
  </testcase> <!-- @AfterTest afterTest -->
  <testcase name="@AfterTest afterTest" time="0.0" classname="main.NewUserStories.US_206721">
    <skipped/>
  </testcase> <!-- @AfterTest afterTest -->
  <testcase name="@AfterTest afterTest" time="0.0" classname="main.NewUserStories.US_206721">
    <skipped/>
  </testcase> <!-- @AfterTest afterTest -->
  <testcase name="@AfterTest afterTest" time="0.0" classname="main.NewUserStories.US_206721">
    <skipped/>
  </testcase> <!-- @AfterTest afterTest -->
  <testcase name="@AfterTest afterTest" time="0.0" classname="main.NewUserStories.US_206721">
    <skipped/>
  </testcase> <!-- @AfterTest afterTest -->
  <testcase name="@AfterTest afterTest" time="0.0" classname="main.NewUserStories.US_206721">
    <skipped/>
  </testcase> <!-- @AfterTest afterTest -->
  <testcase name="@AfterTest afterTest" time="0.0" classname="main.NewUserStories.US_206721">
    <skipped/>
  </testcase> <!-- @AfterTest afterTest -->
  <testcase name="@AfterTest afterTest" time="0.0" classname="main.NewUserStories.US_206721">
    <skipped/>
  </testcase> <!-- @AfterTest afterTest -->
  <testcase name="@AfterTest afterTest" time="0.0" classname="main.NewUserStories.US_206721">
    <skipped/>
  </testcase> <!-- @AfterTest afterTest -->
  <testcase name="@AfterTest afterTest" time="0.0" classname="main.NewUserStories.US_206721">
    <skipped/>
  </testcase> <!-- @AfterTest afterTest -->
  <testcase name="@AfterTest afterTest" time="0.0" classname="main.NewUserStories.US_206721">
    <skipped/>
  </testcase> <!-- @AfterTest afterTest -->
  <testcase name="@AfterTest afterTest" time="0.0" classname="main.NewUserStories.US_206721">
    <skipped/>
  </testcase> <!-- @AfterTest afterTest -->
  <testcase name="@AfterTest afterTest" time="0.0" classname="main.NewUserStories.US_206721">
    <skipped/>
  </testcase> <!-- @AfterTest afterTest -->
  <testcase name="@AfterTest afterTest" time="0.0" classname="main.NewUserStories.US_206721">
    <skipped/>
  </testcase> <!-- @AfterTest afterTest -->
  <testcase name="@AfterTest afterTest" time="0.0" classname="main.NewUserStories.US_206721">
    <skipped/>
  </testcase> <!-- @AfterTest afterTest -->
  <testcase name="@AfterTest afterTest" time="0.0" classname="main.NewUserStories.US_206721">
    <skipped/>
  </testcase> <!-- @AfterTest afterTest -->
  <testcase name="@AfterTest afterTest" time="0.0" classname="main.NewUserStories.US_206721">
    <skipped/>
  </testcase> <!-- @AfterTest afterTest -->
  <testcase name="@AfterTest afterTest" time="0.0" classname="main.NewUserStories.US_206721">
    <skipped/>
  </testcase> <!-- @AfterTest afterTest -->
  <testcase name="@AfterTest afterTest" time="0.0" classname="main.NewUserStories.US_206721">
    <skipped/>
  </testcase> <!-- @AfterTest afterTest -->
  <testcase name="@AfterTest afterTest" time="0.0" classname="main.NewUserStories.US_206721">
    <skipped/>
  </testcase> <!-- @AfterTest afterTest -->
  <testcase name="@AfterTest afterTest" time="0.0" classname="main.NewUserStories.US_206721">
    <skipped/>
  </testcase> <!-- @AfterTest afterTest -->
  <testcase name="@AfterTest afterTest" time="0.0" classname="main.NewUserStories.US_206721">
    <skipped/>
  </testcase> <!-- @AfterTest afterTest -->
  <testcase name="@AfterTest afterTest" time="0.0" classname="main.NewUserStories.US_206721">
    <skipped/>
  </testcase> <!-- @AfterTest afterTest -->
  <testcase name="@AfterTest afterTest" time="0.0" classname="main.NewUserStories.US_206721">
    <skipped/>
  </testcase> <!-- @AfterTest afterTest -->
  <testcase name="@AfterTest afterTest" time="0.0" classname="main.NewUserStories.US_206721">
    <skipped/>
  </testcase> <!-- @AfterTest afterTest -->
  <testcase name="@AfterTest afterTest" time="0.0" classname="main.NewUserStories.US_206721">
    <skipped/>
  </testcase> <!-- @AfterTest afterTest -->
  <testcase name="@AfterTest afterTest" time="0.0" classname="main.NewUserStories.US_206721">
    <skipped/>
  </testcase> <!-- @AfterTest afterTest -->
  <testcase name="@AfterTest afterTest" time="0.0" classname="main.NewUserStories.US_206721">
    <skipped/>
  </testcase> <!-- @AfterTest afterTest -->
  <testcase name="@AfterTest afterTest" time="0.0" classname="main.NewUserStories.US_206721">
    <skipped/>
  </testcase> <!-- @AfterTest afterTest -->
  <testcase name="tc_01" time="0.001" classname="main.NewUserStories.US_206721">
    <skipped/>
  </testcase> <!-- tc_01 -->
  <testcase name="TC_01" time="0.001" classname="main.NewUserStories.US_210220">
    <skipped/>
  </testcase> <!-- TC_01 -->
  <testcase name="TC_01" time="0.002" classname="main.NewUserStories.US_210229">
    <skipped/>
  </testcase> <!-- TC_01 -->
  <testcase name="TC_02" time="0.002" classname="main.NewUserStories.US_210220">
    <skipped/>
  </testcase> <!-- TC_02 -->
  <testcase name="TC_02" time="0.002" classname="main.NewUserStories.US_210229">
    <skipped/>
  </testcase> <!-- TC_02 -->
  <testcase name="TC_01" time="0.001" classname="main.NewUserStories.US_206734">
    <skipped/>
  </testcase> <!-- TC_01 -->
  <testcase name="tc_01" time="0.001" classname="main.NewUserStories.US_210233">
    <skipped/>
  </testcase> <!-- tc_01 -->
  <testcase name="TC_02" time="0.001" classname="main.NewUserStories.US_206734">
    <skipped/>
  </testcase> <!-- TC_02 -->
  <testcase name="tc_02" time="0.001" classname="main.NewUserStories.US_210233">
    <skipped/>
  </testcase> <!-- tc_02 -->
  <testcase name="TC_01" time="0.001" classname="main.NewUserStories.US_206751">
    <skipped/>
  </testcase> <!-- TC_01 -->
  <testcase name="tc_01" time="0.001" classname="main.NewUserStories.US_210268">
    <skipped/>
  </testcase> <!-- tc_01 -->
  <testcase name="TC_02" time="0.0" classname="main.NewUserStories.US_206751">
    <skipped/>
  </testcase> <!-- TC_02 -->
  <testcase name="tc_02" time="0.001" classname="main.NewUserStories.US_210268">
    <skipped/>
  </testcase> <!-- tc_02 -->
  <testcase name="TC_03" time="0.001" classname="main.NewUserStories.US_206751">
    <skipped/>
  </testcase> <!-- TC_03 -->
  <testcase name="tc_03" time="0.001" classname="main.NewUserStories.US_210268">
    <skipped/>
  </testcase> <!-- tc_03 -->
  <testcase name="TC_04" time="0.0" classname="main.NewUserStories.US_206751">
    <skipped/>
  </testcase> <!-- TC_04 -->
  <testcase name="tc_04" time="0.001" classname="main.NewUserStories.US_210268">
    <skipped/>
  </testcase> <!-- tc_04 -->
  <testcase name="TC_05" time="0.0" classname="main.NewUserStories.US_206751">
    <skipped/>
  </testcase> <!-- TC_05 -->
  <testcase name="tc_05" time="0.001" classname="main.NewUserStories.US_210268">
    <skipped/>
  </testcase> <!-- tc_05 -->
  <testcase name="TC_06" time="0.001" classname="main.NewUserStories.US_206751">
    <skipped/>
  </testcase> <!-- TC_06 -->
  <testcase name="tc_06" time="0.001" classname="main.NewUserStories.US_210268">
    <skipped/>
  </testcase> <!-- tc_06 -->
  <testcase name="tc_01" time="0.001" classname="main.NewUserStories.US_207163">
    <skipped/>
  </testcase> <!-- tc_01 -->
  <testcase name="tc_01" time="0.001" classname="main.NewUserStories.US_210273">
    <skipped/>
  </testcase> <!-- tc_01 -->
  <testcase name="tc_02" time="0.001" classname="main.NewUserStories.US_207163">
    <skipped/>
  </testcase> <!-- tc_02 -->
  <testcase name="tc_02" time="0.001" classname="main.NewUserStories.US_210273">
    <skipped/>
  </testcase> <!-- tc_02 -->
  <testcase name="tc_03" time="0.001" classname="main.NewUserStories.US_207163">
    <skipped/>
  </testcase> <!-- tc_03 -->
  <testcase name="tc_03" time="0.001" classname="main.NewUserStories.US_210273">
    <skipped/>
  </testcase> <!-- tc_03 -->
  <testcase name="tc_04" time="0.001" classname="main.NewUserStories.US_207163">
    <skipped/>
  </testcase> <!-- tc_04 -->
  <testcase name="tc_04" time="0.001" classname="main.NewUserStories.US_210273">
    <skipped/>
  </testcase> <!-- tc_04 -->
  <testcase name="tc_05" time="0.004" classname="main.NewUserStories.US_207163">
    <skipped/>
  </testcase> <!-- tc_05 -->
  <testcase name="tc_05" time="0.001" classname="main.NewUserStories.US_210273">
    <skipped/>
  </testcase> <!-- tc_05 -->
  <testcase name="TC_01" time="0.001" classname="main.NewUserStories.US_207255">
    <skipped/>
  </testcase> <!-- TC_01 -->
  <testcase name="TC_01" time="0.0" classname="main.NewUserStories.US_210955">
    <skipped/>
  </testcase> <!-- TC_01 -->
  <testcase name="TC_03" time="0.001" classname="main.NewUserStories.US_207255">
    <skipped/>
  </testcase> <!-- TC_03 -->
  <testcase name="TC_02" time="0.026" classname="main.NewUserStories.US_210955">
    <skipped/>
  </testcase> <!-- TC_02 -->
  <testcase name="TC_04" time="0.0" classname="main.NewUserStories.US_207255">
    <skipped/>
  </testcase> <!-- TC_04 -->
  <testcase name="TC_01" time="0.0" classname="main.NewUserStories.US_207701">
    <skipped/>
  </testcase> <!-- TC_01 -->
  <testcase name="TC_02" time="0.0" classname="main.NewUserStories.US_207701">
    <skipped/>
  </testcase> <!-- TC_02 -->
  <testcase name="TC_01" time="0.001" classname="main.NewUserStories.US_207711">
    <skipped/>
  </testcase> <!-- TC_01 -->
  <testcase name="tc_01" time="0.0" classname="main.NewUserStories.US_207719">
    <skipped/>
  </testcase> <!-- tc_01 -->
  <testcase name="tc_02" time="0.0" classname="main.NewUserStories.US_207719">
    <skipped/>
  </testcase> <!-- tc_02 -->
  <testcase name="tc_01" time="0.001" classname="main.NewUserStories.US_207727">
    <skipped/>
  </testcase> <!-- tc_01 -->
  <testcase name="tc_02" time="0.001" classname="main.NewUserStories.US_207727">
    <skipped/>
  </testcase> <!-- tc_02 -->
  <testcase name="tc_04" time="0.001" classname="main.NewUserStories.US_207727">
    <skipped/>
  </testcase> <!-- tc_04 -->
  <testcase name="tc_01" time="0.0" classname="main.NewUserStories.US_207729">
    <skipped/>
  </testcase> <!-- tc_01 -->
  <testcase name="tc_02" time="0.0" classname="main.NewUserStories.US_207729">
    <skipped/>
  </testcase> <!-- tc_02 -->
  <testcase name="tc_03" time="0.001" classname="main.NewUserStories.US_207729">
    <skipped/>
  </testcase> <!-- tc_03 -->
  <testcase name="TC_01" time="0.0" classname="main.NewUserStories.US_207732">
    <skipped/>
  </testcase> <!-- TC_01 -->
  <testcase name="TC_02" time="0.0" classname="main.NewUserStories.US_207732">
    <skipped/>
  </testcase> <!-- TC_02 -->
  <testcase name="TC_03" time="0.0" classname="main.NewUserStories.US_207732">
    <skipped/>
  </testcase> <!-- TC_03 -->
  <testcase name="TC_04" time="0.001" classname="main.NewUserStories.US_207732">
    <skipped/>
  </testcase> <!-- TC_04 -->
  <testcase name="TC_05" time="0.001" classname="main.NewUserStories.US_207732">
    <skipped/>
  </testcase> <!-- TC_05 -->
  <testcase name="TC_06" time="0.0" classname="main.NewUserStories.US_207732">
    <skipped/>
  </testcase> <!-- TC_06 -->
  <testcase name="TC_07" time="0.0" classname="main.NewUserStories.US_207732">
    <skipped/>
  </testcase> <!-- TC_07 -->
  <testcase name="TC_08" time="0.001" classname="main.NewUserStories.US_207732">
    <skipped/>
  </testcase> <!-- TC_08 -->
  <testcase name="TC_09" time="0.0" classname="main.NewUserStories.US_207732">
    <skipped/>
  </testcase> <!-- TC_09 -->
  <testcase name="TC_10" time="0.0" classname="main.NewUserStories.US_207732">
    <skipped/>
  </testcase> <!-- TC_10 -->
  <testcase name="tc_01" time="0.0" classname="main.NewUserStories.US_207783">
    <skipped/>
  </testcase> <!-- tc_01 -->
  <testcase name="tc_02" time="0.001" classname="main.NewUserStories.US_207783">
    <skipped/>
  </testcase> <!-- tc_02 -->
  <testcase name="tc_03" time="0.0" classname="main.NewUserStories.US_207783">
    <skipped/>
  </testcase> <!-- tc_03 -->
  <testcase name="tc_04" time="0.0" classname="main.NewUserStories.US_207783">
    <skipped/>
  </testcase> <!-- tc_04 -->
  <testcase name="tc_05" time="0.0" classname="main.NewUserStories.US_207783">
    <skipped/>
  </testcase> <!-- tc_05 -->
  <testcase name="tc_06" time="0.001" classname="main.NewUserStories.US_207783">
    <skipped/>
  </testcase> <!-- tc_06 -->
  <testcase name="tc_07" time="0.001" classname="main.NewUserStories.US_207783">
    <skipped/>
  </testcase> <!-- tc_07 -->
  <testcase name="tc_01" time="0.001" classname="main.NewUserStories.US_208017">
    <skipped/>
  </testcase> <!-- tc_01 -->
  <testcase name="tc_02" time="0.001" classname="main.NewUserStories.US_208017">
    <skipped/>
  </testcase> <!-- tc_02 -->
  <testcase name="tc_03" time="0.001" classname="main.NewUserStories.US_208017">
    <skipped/>
  </testcase> <!-- tc_03 -->
  <testcase name="tc_04" time="0.001" classname="main.NewUserStories.US_208017">
    <skipped/>
  </testcase> <!-- tc_04 -->
  <testcase name="tc_05" time="0.001" classname="main.NewUserStories.US_208017">
    <skipped/>
  </testcase> <!-- tc_05 -->
  <testcase name="tc_06" time="0.001" classname="main.NewUserStories.US_208017">
    <skipped/>
  </testcase> <!-- tc_06 -->
  <testcase name="tc_01" time="0.001" classname="main.NewUserStories.US_208035">
    <skipped/>
  </testcase> <!-- tc_01 -->
  <testcase name="tc_02" time="0.001" classname="main.NewUserStories.US_208035">
    <skipped/>
  </testcase> <!-- tc_02 -->
  <testcase name="tc_03" time="0.001" classname="main.NewUserStories.US_208035">
    <skipped/>
  </testcase> <!-- tc_03 -->
  <testcase name="tc_04" time="0.001" classname="main.NewUserStories.US_208035">
    <skipped/>
  </testcase> <!-- tc_04 -->
  <testcase name="tc_05" time="0.001" classname="main.NewUserStories.US_208035">
    <skipped/>
  </testcase> <!-- tc_05 -->
  <testcase name="tc_06" time="0.001" classname="main.NewUserStories.US_208035">
    <skipped/>
  </testcase> <!-- tc_06 -->
  <testcase name="tc_07" time="0.002" classname="main.NewUserStories.US_208035">
    <skipped/>
  </testcase> <!-- tc_07 -->
  <testcase name="tc_08" time="0.001" classname="main.NewUserStories.US_208035">
    <skipped/>
  </testcase> <!-- tc_08 -->
  <testcase name="tc_09" time="0.0" classname="main.NewUserStories.US_208035">
    <skipped/>
  </testcase> <!-- tc_09 -->
  <testcase name="tc_10" time="0.0" classname="main.NewUserStories.US_208035">
    <skipped/>
  </testcase> <!-- tc_10 -->
  <testcase name="tc_11" time="0.001" classname="main.NewUserStories.US_208035">
    <skipped/>
  </testcase> <!-- tc_11 -->
  <testcase name="tc_12" time="0.001" classname="main.NewUserStories.US_208035">
    <skipped/>
  </testcase> <!-- tc_12 -->
  <testcase name="tc_13" time="0.001" classname="main.NewUserStories.US_208035">
    <skipped/>
  </testcase> <!-- tc_13 -->
  <testcase name="tc_14" time="0.001" classname="main.NewUserStories.US_208035">
    <skipped/>
  </testcase> <!-- tc_14 -->
  <testcase name="tc_15" time="0.001" classname="main.NewUserStories.US_208035">
    <skipped/>
  </testcase> <!-- tc_15 -->
  <testcase name="tc_16" time="0.0" classname="main.NewUserStories.US_208035">
    <skipped/>
  </testcase> <!-- tc_16 -->
  <testcase name="tc_17" time="0.0" classname="main.NewUserStories.US_208035">
    <skipped/>
  </testcase> <!-- tc_17 -->
  <testcase name="tc_18" time="0.0" classname="main.NewUserStories.US_208035">
    <skipped/>
  </testcase> <!-- tc_18 -->
  <testcase name="tc_19" time="0.001" classname="main.NewUserStories.US_208035">
    <skipped/>
  </testcase> <!-- tc_19 -->
  <testcase name="tc_20" time="0.001" classname="main.NewUserStories.US_208035">
    <skipped/>
  </testcase> <!-- tc_20 -->
  <testcase name="tc_21" time="0.001" classname="main.NewUserStories.US_208035">
    <skipped/>
  </testcase> <!-- tc_21 -->
  <testcase name="tc_22" time="0.001" classname="main.NewUserStories.US_208035">
    <skipped/>
  </testcase> <!-- tc_22 -->
  <testcase name="tc_23" time="0.001" classname="main.NewUserStories.US_208035">
    <skipped/>
  </testcase> <!-- tc_23 -->
  <testcase name="tc_24" time="0.001" classname="main.NewUserStories.US_208035">
    <skipped/>
  </testcase> <!-- tc_24 -->
  <testcase name="tc_25" time="0.0" classname="main.NewUserStories.US_208035">
    <skipped/>
  </testcase> <!-- tc_25 -->
  <testcase name="tc_26" time="0.0" classname="main.NewUserStories.US_208035">
    <skipped/>
  </testcase> <!-- tc_26 -->
  <testcase name="tc_27" time="0.0" classname="main.NewUserStories.US_208035">
    <skipped/>
  </testcase> <!-- tc_27 -->
  <testcase name="tc_28" time="0.0" classname="main.NewUserStories.US_208035">
    <skipped/>
  </testcase> <!-- tc_28 -->
  <testcase name="tc_29" time="0.0" classname="main.NewUserStories.US_208035">
    <skipped/>
  </testcase> <!-- tc_29 -->
  <testcase name="tc_30" time="0.0" classname="main.NewUserStories.US_208035">
    <skipped/>
  </testcase> <!-- tc_30 -->
  <testcase name="tc_01" time="0.001" classname="main.NewUserStories.US_208050">
    <skipped/>
  </testcase> <!-- tc_01 -->
  <testcase name="tc_02" time="0.001" classname="main.NewUserStories.US_208050">
    <skipped/>
  </testcase> <!-- tc_02 -->
  <testcase name="tc_03" time="0.001" classname="main.NewUserStories.US_208050">
    <skipped/>
  </testcase> <!-- tc_03 -->
  <testcase name="tc_04" time="0.0" classname="main.NewUserStories.US_208050">
    <skipped/>
  </testcase> <!-- tc_04 -->
  <testcase name="tc_05" time="0.0" classname="main.NewUserStories.US_208050">
    <skipped/>
  </testcase> <!-- tc_05 -->
  <testcase name="tc_01" time="0.001" classname="main.NewUserStories.US_208080">
    <skipped/>
  </testcase> <!-- tc_01 -->
  <testcase name="tc_02" time="0.0" classname="main.NewUserStories.US_208080">
    <skipped/>
  </testcase> <!-- tc_02 -->
  <testcase name="TC_01" time="0.001" classname="main.NewUserStories.US_208105">
    <skipped/>
  </testcase> <!-- TC_01 -->
  <testcase name="TC_02" time="0.001" classname="main.NewUserStories.US_208105">
    <skipped/>
  </testcase> <!-- TC_02 -->
  <testcase name="TC_03" time="0.001" classname="main.NewUserStories.US_208105">
    <skipped/>
  </testcase> <!-- TC_03 -->
  <testcase name="TC_04" time="0.0" classname="main.NewUserStories.US_208105">
    <skipped/>
  </testcase> <!-- TC_04 -->
  <testcase name="TC_05" time="0.0" classname="main.NewUserStories.US_208105">
    <skipped/>
  </testcase> <!-- TC_05 -->
  <testcase name="TC_06" time="0.001" classname="main.NewUserStories.US_208105">
    <skipped/>
  </testcase> <!-- TC_06 -->
  <testcase name="TC_07" time="0.0" classname="main.NewUserStories.US_208105">
    <skipped/>
  </testcase> <!-- TC_07 -->
  <testcase name="TC_08" time="0.0" classname="main.NewUserStories.US_208105">
    <skipped/>
  </testcase> <!-- TC_08 -->
  <testcase name="TC_09" time="0.001" classname="main.NewUserStories.US_208105">
    <skipped/>
  </testcase> <!-- TC_09 -->
  <testcase name="TC_10" time="0.0" classname="main.NewUserStories.US_208105">
    <skipped/>
  </testcase> <!-- TC_10 -->
  <testcase name="TC_11" time="0.0" classname="main.NewUserStories.US_208105">
    <skipped/>
  </testcase> <!-- TC_11 -->
  <testcase name="TC_12" time="0.001" classname="main.NewUserStories.US_208105">
    <skipped/>
  </testcase> <!-- TC_12 -->
  <testcase name="TC_13" time="0.001" classname="main.NewUserStories.US_208105">
    <skipped/>
  </testcase> <!-- TC_13 -->
  <testcase name="TC_14" time="0.0" classname="main.NewUserStories.US_208105">
    <skipped/>
  </testcase> <!-- TC_14 -->
  <testcase name="TC_15" time="0.0" classname="main.NewUserStories.US_208105">
    <skipped/>
  </testcase> <!-- TC_15 -->
  <testcase name="TC_16" time="0.0" classname="main.NewUserStories.US_208105">
    <skipped/>
  </testcase> <!-- TC_16 -->
  <testcase name="tc_01" time="0.001" classname="main.NewUserStories.US_208170">
    <skipped/>
  </testcase> <!-- tc_01 -->
  <testcase name="tc_02" time="0.001" classname="main.NewUserStories.US_208170">
    <skipped/>
  </testcase> <!-- tc_02 -->
  <testcase name="tc_03" time="0.001" classname="main.NewUserStories.US_208170">
    <skipped/>
  </testcase> <!-- tc_03 -->
  <testcase name="tc_04" time="0.0" classname="main.NewUserStories.US_208170">
    <skipped/>
  </testcase> <!-- tc_04 -->
  <testcase name="tc_05" time="0.001" classname="main.NewUserStories.US_208170">
    <skipped/>
  </testcase> <!-- tc_05 -->
  <testcase name="tc_06" time="0.0" classname="main.NewUserStories.US_208170">
    <skipped/>
  </testcase> <!-- tc_06 -->
  <testcase name="tc_07" time="0.0" classname="main.NewUserStories.US_208170">
    <skipped/>
  </testcase> <!-- tc_07 -->
  <testcase name="tc_08" time="0.0" classname="main.NewUserStories.US_208170">
    <skipped/>
  </testcase> <!-- tc_08 -->
  <testcase name="tc_09" time="0.0" classname="main.NewUserStories.US_208170">
    <skipped/>
  </testcase> <!-- tc_09 -->
  <testcase name="tc_10" time="0.0" classname="main.NewUserStories.US_208170">
    <skipped/>
  </testcase> <!-- tc_10 -->
  <testcase name="tc_11" time="0.001" classname="main.NewUserStories.US_208170">
    <skipped/>
  </testcase> <!-- tc_11 -->
  <testcase name="tc_12" time="0.001" classname="main.NewUserStories.US_208170">
    <skipped/>
  </testcase> <!-- tc_12 -->
  <testcase name="tc_13" time="0.0" classname="main.NewUserStories.US_208170">
    <skipped/>
  </testcase> <!-- tc_13 -->
  <testcase name="tc_14" time="0.0" classname="main.NewUserStories.US_208170">
    <skipped/>
  </testcase> <!-- tc_14 -->
  <testcase name="tc_15" time="0.0" classname="main.NewUserStories.US_208170">
    <skipped/>
  </testcase> <!-- tc_15 -->
  <testcase name="tc_16" time="0.0" classname="main.NewUserStories.US_208170">
    <skipped/>
  </testcase> <!-- tc_16 -->
  <testcase name="tc_17" time="0.0" classname="main.NewUserStories.US_208170">
    <skipped/>
  </testcase> <!-- tc_17 -->
  <testcase name="tc_18" time="0.001" classname="main.NewUserStories.US_208170">
    <skipped/>
  </testcase> <!-- tc_18 -->
  <testcase name="tc_19" time="0.0" classname="main.NewUserStories.US_208170">
    <skipped/>
  </testcase> <!-- tc_19 -->
  <testcase name="tc_20" time="0.0" classname="main.NewUserStories.US_208170">
    <skipped/>
  </testcase> <!-- tc_20 -->
  <testcase name="tc_21" time="0.0" classname="main.NewUserStories.US_208170">
    <skipped/>
  </testcase> <!-- tc_21 -->
  <testcase name="tc_22" time="0.0" classname="main.NewUserStories.US_208170">
    <skipped/>
  </testcase> <!-- tc_22 -->
  <testcase name="tc_23" time="0.001" classname="main.NewUserStories.US_208170">
    <skipped/>
  </testcase> <!-- tc_23 -->
  <testcase name="tc_24" time="0.0" classname="main.NewUserStories.US_208170">
    <skipped/>
  </testcase> <!-- tc_24 -->
  <testcase name="tc_01" time="0.0" classname="main.NewUserStories.US_208520">
    <skipped/>
  </testcase> <!-- tc_01 -->
  <testcase name="tc_01" time="0.001" classname="main.NewUserStories.US_208522">
    <skipped/>
  </testcase> <!-- tc_01 -->
  <testcase name="tc_02" time="0.0" classname="main.NewUserStories.US_208522">
    <skipped/>
  </testcase> <!-- tc_02 -->
  <testcase name="tc_03" time="0.0" classname="main.NewUserStories.US_208522">
    <skipped/>
  </testcase> <!-- tc_03 -->
  <testcase name="tc_04" time="0.0" classname="main.NewUserStories.US_208522">
    <skipped/>
  </testcase> <!-- tc_04 -->
  <testcase name="TC_01" time="0.001" classname="main.NewUserStories.US_208524">
    <skipped/>
  </testcase> <!-- TC_01 -->
  <testcase name="TC_02" time="0.001" classname="main.NewUserStories.US_208524">
    <skipped/>
  </testcase> <!-- TC_02 -->
  <testcase name="TC_03" time="0.0" classname="main.NewUserStories.US_208524">
    <skipped/>
  </testcase> <!-- TC_03 -->
  <testcase name="TC_04" time="0.0" classname="main.NewUserStories.US_208524">
    <skipped/>
  </testcase> <!-- TC_04 -->
  <testcase name="TC_05" time="0.001" classname="main.NewUserStories.US_208524">
    <skipped/>
  </testcase> <!-- TC_05 -->
  <testcase name="TC_06" time="0.0" classname="main.NewUserStories.US_208524">
    <skipped/>
  </testcase> <!-- TC_06 -->
  <testcase name="TC_07" time="0.0" classname="main.NewUserStories.US_208524">
    <skipped/>
  </testcase> <!-- TC_07 -->
  <testcase name="TC_08" time="0.0" classname="main.NewUserStories.US_208524">
    <skipped/>
  </testcase> <!-- TC_08 -->
  <testcase name="TC_02" time="0.001" classname="main.NewUserStories.US_208525">
    <skipped/>
  </testcase> <!-- TC_02 -->
  <testcase name="TC_01" time="0.0" classname="main.NewUserStories.US_208526">
    <skipped/>
  </testcase> <!-- TC_01 -->
  <testcase name="TC_02" time="0.0" classname="main.NewUserStories.US_208526">
    <skipped/>
  </testcase> <!-- TC_02 -->
  <testcase name="TC_03" time="0.0" classname="main.NewUserStories.US_208526">
    <skipped/>
  </testcase> <!-- TC_03 -->
  <testcase name="TC_04" time="0.001" classname="main.NewUserStories.US_208526">
    <skipped/>
  </testcase> <!-- TC_04 -->
  <testcase name="TC_05" time="0.0" classname="main.NewUserStories.US_208526">
    <skipped/>
  </testcase> <!-- TC_05 -->
  <testcase name="TC_06" time="0.0" classname="main.NewUserStories.US_208526">
    <skipped/>
  </testcase> <!-- TC_06 -->
  <testcase name="TC_01" time="0.0" classname="main.NewUserStories.US_208528">
    <skipped/>
  </testcase> <!-- TC_01 -->
  <testcase name="TC_02" time="0.0" classname="main.NewUserStories.US_208528">
    <skipped/>
  </testcase> <!-- TC_02 -->
  <testcase name="TC_03" time="0.0" classname="main.NewUserStories.US_208528">
    <skipped/>
  </testcase> <!-- TC_03 -->
  <testcase name="tc_01" time="0.001" classname="main.NewUserStories.US_208529">
    <skipped/>
  </testcase> <!-- tc_01 -->
  <testcase name="tc_01" time="0.001" classname="main.NewUserStories.US_208606">
    <skipped/>
  </testcase> <!-- tc_01 -->
  <testcase name="tc_01" time="0.001" classname="main.NewUserStories.US_208608">
    <skipped/>
  </testcase> <!-- tc_01 -->
  <testcase name="tc_01" time="0.0" classname="main.NewUserStories.US_208610">
    <skipped/>
  </testcase> <!-- tc_01 -->
  <testcase name="tc_02" time="0.0" classname="main.NewUserStories.US_208610">
    <skipped/>
  </testcase> <!-- tc_02 -->
  <testcase name="tc_01" time="0.0" classname="main.NewUserStories.US_208614">
    <skipped/>
  </testcase> <!-- tc_01 -->
  <testcase name="tc_02" time="0.0" classname="main.NewUserStories.US_208614">
    <skipped/>
  </testcase> <!-- tc_02 -->
  <testcase name="tc_03" time="0.0" classname="main.NewUserStories.US_208614">
    <skipped/>
  </testcase> <!-- tc_03 -->
  <testcase name="tc_04" time="0.0" classname="main.NewUserStories.US_208614">
    <skipped/>
  </testcase> <!-- tc_04 -->
  <testcase name="tc_05" time="0.001" classname="main.NewUserStories.US_208614">
    <skipped/>
  </testcase> <!-- tc_05 -->
  <testcase name="tc_01" time="0.0" classname="main.NewUserStories.US_210201">
    <skipped/>
  </testcase> <!-- tc_01 -->
  <testcase name="tc_02" time="0.0" classname="main.NewUserStories.US_210201">
    <skipped/>
  </testcase> <!-- tc_02 -->
  <testcase name="tc_03" time="0.0" classname="main.NewUserStories.US_210201">
    <skipped/>
  </testcase> <!-- tc_03 -->
  <testcase name="tc_04" time="0.0" classname="main.NewUserStories.US_210201">
    <skipped/>
  </testcase> <!-- tc_04 -->
  <testcase name="tc_05" time="0.001" classname="main.NewUserStories.US_210201">
    <skipped/>
  </testcase> <!-- tc_05 -->
  <testcase name="tc_06" time="0.0" classname="main.NewUserStories.US_210201">
    <skipped/>
  </testcase> <!-- tc_06 -->
  <testcase name="tc_07" time="0.0" classname="main.NewUserStories.US_210201">
    <skipped/>
  </testcase> <!-- tc_07 -->
  <testcase name="tc_08" time="0.0" classname="main.NewUserStories.US_210201">
    <skipped/>
  </testcase> <!-- tc_08 -->
  <testcase name="tc_09" time="0.002" classname="main.NewUserStories.US_210201">
    <skipped/>
  </testcase> <!-- tc_09 -->
  <testcase name="tc_01" time="0.0" classname="main.NewUserStories.US_210209">
    <skipped/>
  </testcase> <!-- tc_01 -->
  <testcase name="tc_02" time="0.0" classname="main.NewUserStories.US_210209">
    <skipped/>
  </testcase> <!-- tc_02 -->
  <testcase name="tc_03" time="0.001" classname="main.NewUserStories.US_210209">
    <skipped/>
  </testcase> <!-- tc_03 -->
  <testcase name="tc_04" time="0.0" classname="main.NewUserStories.US_210209">
    <skipped/>
  </testcase> <!-- tc_04 -->
  <testcase name="tc_05" time="0.0" classname="main.NewUserStories.US_210209">
    <skipped/>
  </testcase> <!-- tc_05 -->
  <testcase name="tc_06" time="0.0" classname="main.NewUserStories.US_210209">
    <skipped/>
  </testcase> <!-- tc_06 -->
  <testcase name="tc_07" time="0.001" classname="main.NewUserStories.US_210209">
    <skipped/>
  </testcase> <!-- tc_07 -->
  <testcase name="tc_08" time="0.0" classname="main.NewUserStories.US_210209">
    <skipped/>
  </testcase> <!-- tc_08 -->
  <testcase name="tc_09" time="0.019" classname="main.NewUserStories.US_210209">
    <skipped/>
  </testcase> <!-- tc_09 -->
  <testcase name="tc_10" time="0.0" classname="main.NewUserStories.US_210209">
    <skipped/>
  </testcase> <!-- tc_10 -->
  <testcase name="tc_12" time="0.001" classname="main.NewUserStories.US_210209">
    <skipped/>
  </testcase> <!-- tc_12 -->
  <testcase name="tc_14" time="0.001" classname="main.NewUserStories.US_210209">
    <skipped/>
  </testcase> <!-- tc_14 -->
  <testcase name="tc_15" time="0.0" classname="main.NewUserStories.US_210209">
    <skipped/>
  </testcase> <!-- tc_15 -->
</testsuite> <!-- Regression suite 1 -->
