<?xml version="1.0" encoding="UTF-8"?>
<!-- Generated by org.testng.reporters.JUnitXMLReporter -->
<testsuite hostname="SYNPSZD4426" name="US 182130" tests="4" failures="0" timestamp="30 May 2018 15:35:48 GMT" time="179.456" errors="0">
  <testcase name="tc_01" time="52.379" classname="main.ManualUserStories.US_182130"/>
  <testcase name="tc_02" time="29.182" classname="main.ManualUserStories.US_182130"/>
  <testcase name="tc_03" time="31.155" classname="main.ManualUserStories.US_182130"/>
  <testcase name="tc_04" time="47.483" classname="main.ManualUserStories.US_182130"/>
</testsuite> <!-- US 182130 -->
