<?xml version="1.0" encoding="UTF-8"?>
<!-- Generated by org.testng.reporters.JUnitXMLReporter -->
<testsuite hostname="SYNPSZD4426" name="US 156253" tests="6" failures="0" timestamp="30 May 2018 14:47:45 GMT" time="171.446" errors="0">
  <testcase name="tc_01" time="21.677" classname="main.ManualUserStories.US_156253"/>
  <testcase name="tc_02" time="28.125" classname="main.ManualUserStories.US_156253"/>
  <testcase name="tc_03" time="21.369" classname="main.ManualUserStories.US_156253"/>
  <testcase name="tc_04" time="25.292" classname="main.ManualUserStories.US_156253"/>
  <testcase name="tc_05" time="27.148" classname="main.ManualUserStories.US_156253"/>
  <testcase name="tc_06" time="25.953" classname="main.ManualUserStories.US_156253"/>
</testsuite> <!-- US 156253 -->
