<?xml version="1.0" encoding="UTF-8"?>
<!-- Generated by org.testng.reporters.JUnitXMLReporter -->
<testsuite hostname="SYNPSZD4426" name="US 138223" tests="7" failures="0" timestamp="30 May 2018 14:24:21 GMT" time="172.796" errors="0">
  <testcase name="tc_01" time="16.043" classname="main.ManualUserStories.US_138223"/>
  <testcase name="tc_02" time="19.591" classname="main.ManualUserStories.US_138223"/>
  <testcase name="tc_03" time="14.036" classname="main.ManualUserStories.US_138223"/>
  <testcase name="tc_04" time="33.88" classname="main.ManualUserStories.US_138223"/>
  <testcase name="tc_05" time="24.894" classname="main.ManualUserStories.US_138223"/>
  <testcase name="tc_06" time="16.71" classname="main.ManualUserStories.US_138223"/>
  <testcase name="tc_07" time="24.622" classname="main.ManualUserStories.US_138223"/>
</testsuite> <!-- US 138223 -->
