<?xml version="1.0" encoding="UTF-8"?>
<!-- Generated by org.testng.reporters.JUnitXMLReporter -->
<testsuite hostname="SYNPSZD4426" name="US 160709" tests="8" failures="1" timestamp="30 May 2018 14:21:28 GMT" time="312.0" errors="0">
  <testcase name="tc_01" time="35.46" classname="main.ManualUserStories.US_160709">
    <failure type="java.lang.AssertionError" message="null">
      <![CDATA[java.lang.AssertionError: null
	at main.ManualUserStories.US_160709.tc_01(US_160709.java:91)
... Removed 26 stack frames]]>
    </failure>
  </testcase> <!-- tc_01 -->
  <testcase name="tc_02" time="30.548" classname="main.ManualUserStories.US_160709"/>
  <testcase name="tc_03" time="27.548" classname="main.ManualUserStories.US_160709"/>
  <testcase name="tc_04" time="43.575" classname="main.ManualUserStories.US_160709"/>
  <testcase name="tc_07" time="41.301" classname="main.ManualUserStories.US_160709"/>
  <testcase name="tc_08" time="27.405" classname="main.ManualUserStories.US_160709"/>
  <testcase name="tc_09" time="22.814" classname="main.ManualUserStories.US_160709"/>
  <testcase name="tc_10" time="45.903" classname="main.ManualUserStories.US_160709"/>
</testsuite> <!-- US 160709 -->
