<?xml version="1.0" encoding="UTF-8"?>
<!-- Generated by org.testng.reporters.JUnitXMLReporter -->
<testsuite hostname="SYNPSZD4426" name="US 158726" tests="2" failures="1" timestamp="30 May 2018 15:38:32 GMT" time="83.451" errors="0">
  <testcase name="tc_01" time="34.27" classname="main.ManualUserStories.US_158726"/>
  <testcase name="tc_02" time="20.502" classname="main.ManualUserStories.US_158726">
    <failure type="java.lang.AssertionError" message="null">
      <![CDATA[java.lang.AssertionError: null
	at main.ManualUserStories.US_158726.tc_02(US_158726.java:192)
... Removed 26 stack frames]]>
    </failure>
  </testcase> <!-- tc_02 -->
</testsuite> <!-- US 158726 -->
