<?xml version="1.0" encoding="UTF-8"?>
<!-- Generated by org.testng.reporters.JUnitXMLReporter -->
<testsuite hostname="SYNPSZD4426" name="US 147645" tests="5" failures="3" timestamp="30 May 2018 15:16:38 GMT" time="60.195" errors="0">
  <testcase name="tc_01" time="12.304" classname="main.ManualUserStories.US_147645"/>
  <testcase name="tc_02" time="14.892" classname="main.ManualUserStories.US_147645"/>
  <testcase name="tc_03" time="3.552" classname="main.ManualUserStories.US_147645">
    <failure type="java.lang.NullPointerException">
      <![CDATA[java.lang.NullPointerException
	at com.relevantcodes.extentreports.ExtentReports.endTest(ExtentReports.java:150)
	at library.Reporter.TestCaseEnd(Reporter.java:56)
	at main.ManualUserStories.US_147645.tc_03(US_147645.java:286)
... Removed 24 stack frames]]>
    </failure>
  </testcase> <!-- tc_03 -->
  <testcase name="tc_04" time="3.501" classname="main.ManualUserStories.US_147645">
    <failure type="java.lang.NullPointerException">
      <![CDATA[java.lang.NullPointerException
	at com.relevantcodes.extentreports.ExtentReports.endTest(ExtentReports.java:150)
	at library.Reporter.TestCaseEnd(Reporter.java:56)
	at main.ManualUserStories.US_147645.tc_04(US_147645.java:350)
... Removed 24 stack frames]]>
    </failure>
  </testcase> <!-- tc_04 -->
  <testcase name="tc_05" time="3.503" classname="main.ManualUserStories.US_147645">
    <failure type="java.lang.NullPointerException">
      <![CDATA[java.lang.NullPointerException
	at com.relevantcodes.extentreports.ExtentReports.endTest(ExtentReports.java:150)
	at library.Reporter.TestCaseEnd(Reporter.java:56)
	at main.ManualUserStories.US_147645.tc_05(US_147645.java:442)
... Removed 24 stack frames]]>
    </failure>
  </testcase> <!-- tc_05 -->
</testsuite> <!-- US 147645 -->
