<?xml version="1.0" encoding="UTF-8"?>
<!-- Generated by org.testng.reporters.JUnitXMLReporter -->
<testsuite hostname="SYNPSZD4426" name="US 182094" tests="19" failures="1" timestamp="30 May 2018 14:16:16 GMT" time="868.992" errors="0">
  <testcase name="tc_01" time="37.772" classname="main.ManualUserStories.US_182094"/>
  <testcase name="tc_02" time="40.222" classname="main.ManualUserStories.US_182094"/>
  <testcase name="tc_03" time="42.15" classname="main.ManualUserStories.US_182094"/>
  <testcase name="tc_04" time="31.193" classname="main.ManualUserStories.US_182094"/>
  <testcase name="tc_05" time="46.466" classname="main.ManualUserStories.US_182094"/>
  <testcase name="tc_06" time="44.684" classname="main.ManualUserStories.US_182094">
    <failure type="java.lang.AssertionError" message="null">
      <![CDATA[java.lang.AssertionError: null
	at main.ManualUserStories.US_182094.tc_06(US_182094.java:390)
... Removed 26 stack frames]]>
    </failure>
  </testcase> <!-- tc_06 -->
  <testcase name="tc_07" time="30.877" classname="main.ManualUserStories.US_182094"/>
  <testcase name="tc_08" time="46.201" classname="main.ManualUserStories.US_182094"/>
  <testcase name="tc_09" time="46.92" classname="main.ManualUserStories.US_182094"/>
  <testcase name="tc_10" time="29.393" classname="main.ManualUserStories.US_182094"/>
  <testcase name="tc_11" time="44.328" classname="main.ManualUserStories.US_182094"/>
  <testcase name="tc_12" time="49.057" classname="main.ManualUserStories.US_182094"/>
  <testcase name="tc_13" time="52.763" classname="main.ManualUserStories.US_182094"/>
  <testcase name="tc_14" time="35.488" classname="main.ManualUserStories.US_182094"/>
  <testcase name="tc_15" time="49.149" classname="main.ManualUserStories.US_182094"/>
  <testcase name="tc_16" time="47.973" classname="main.ManualUserStories.US_182094"/>
  <testcase name="tc_17" time="49.817" classname="main.ManualUserStories.US_182094"/>
  <testcase name="tc_18" time="45.893" classname="main.ManualUserStories.US_182094"/>
  <testcase name="tc_19" time="51.91" classname="main.ManualUserStories.US_182094"/>
</testsuite> <!-- US 182094 -->
