<?xml version="1.0" encoding="UTF-8"?>
<!-- Generated by org.testng.reporters.JUnitXMLReporter -->
<testsuite hostname="SYNPSZD4426" name="US 181526" tests="11" failures="1" timestamp="30 May 2018 14:52:52 GMT" time="307.108" errors="0">
  <testcase name="tc_01" time="29.017" classname="main.ManualUserStories.US_181526">
    <failure type="java.lang.AssertionError" message="null">
      <![CDATA[java.lang.AssertionError: null
	at main.ManualUserStories.US_181526.tc_01(US_181526.java:90)
... Removed 26 stack frames]]>
    </failure>
  </testcase> <!-- tc_01 -->
  <testcase name="tc_02" time="20.039" classname="main.ManualUserStories.US_181526"/>
  <testcase name="TC_03" time="18.715" classname="main.ManualUserStories.US_181526"/>
  <testcase name="TC_04" time="18.757" classname="main.ManualUserStories.US_181526"/>
  <testcase name="TC_05" time="19.528" classname="main.ManualUserStories.US_181526"/>
  <testcase name="TC_08" time="28.182" classname="main.ManualUserStories.US_181526"/>
  <testcase name="TC_09" time="27.058" classname="main.ManualUserStories.US_181526"/>
  <testcase name="TC_10" time="31.873" classname="main.ManualUserStories.US_181526"/>
  <testcase name="TC_11" time="31.705" classname="main.ManualUserStories.US_181526"/>
  <testcase name="TC_12" time="26.474" classname="main.ManualUserStories.US_181526"/>
  <testcase name="TC_13" time="34.71" classname="main.ManualUserStories.US_181526"/>
</testsuite> <!-- US 181526 -->
