<?xml version="1.0" encoding="UTF-8"?>
<!-- Generated by org.testng.reporters.JUnitXMLReporter -->
<testsuite hostname="SYNPSZD4426" name="US 182038" tests="6" failures="0" timestamp="30 May 2018 15:10:53 GMT" time="55.453" errors="0">
  <testcase name="tc_01" time="6.47" classname="main.ManualUserStories.US_182038"/>
  <testcase name="tc_02" time="4.879" classname="main.ManualUserStories.US_182038"/>
  <testcase name="tc_03" time="5.97" classname="main.ManualUserStories.US_182038"/>
  <testcase name="tc_04" time="5.541" classname="main.ManualUserStories.US_182038"/>
  <testcase name="tc_05" time="6.761" classname="main.ManualUserStories.US_182038"/>
  <testcase name="tc_06" time="4.425" classname="main.ManualUserStories.US_182038"/>
</testsuite> <!-- US 182038 -->
