<?xml version="1.0" encoding="UTF-8"?>
<!-- Generated by org.testng.reporters.JUnitXMLReporter -->
<testsuite hostname="SYNPS8154833" name="US 161393" tests="3" failures="0" timestamp="5 Jun 2018 13:23:59 GMT" time="286.711" errors="0">
  <testcase name="tc_22" time="60.276" classname="main.Migration.US_161393"/>
  <testcase name="tc_24" time="61.724" classname="main.Migration.US_161393"/>
  <testcase name="tc_26" time="53.062" classname="main.Migration.US_161393"/>
</testsuite> <!-- US 161393 -->
