<?xml version="1.0" encoding="UTF-8"?>
<!-- Generated by org.testng.reporters.JUnitXMLReporter -->
<testsuite hostname="SYNPSZD4426" name="US 182143" tests="5" failures="0" timestamp="30 May 2018 14:27:17 GMT" time="176.7" errors="0">
  <testcase name="tc_01" time="30.397" classname="main.ManualUserStories.US_182143"/>
  <testcase name="tc_02" time="27.2" classname="main.ManualUserStories.US_182143"/>
  <testcase name="tc_03" time="27.207" classname="main.ManualUserStories.US_182143"/>
  <testcase name="tc_04" time="40.002" classname="main.ManualUserStories.US_182143"/>
  <testcase name="tc_05" time="29.733" classname="main.ManualUserStories.US_182143"/>
</testsuite> <!-- US 182143 -->
