<?xml version="1.0" encoding="UTF-8"?>
<!-- Generated by org.testng.reporters.JUnitXMLReporter -->
<testsuite hostname="SYNPSZD4426" name="US 192673" tests="3" failures="0" timestamp="30 May 2018 14:28:47 GMT" time="89.959" errors="0">
  <testcase name="tc_01" time="19.554" classname="main.ManualUserStories.US_192673"/>
  <testcase name="tc_02" time="21.581" classname="main.ManualUserStories.US_192673"/>
  <testcase name="tc_03" time="26.343" classname="main.ManualUserStories.US_192673"/>
</testsuite> <!-- US 192673 -->
