<?xml version="1.0" encoding="UTF-8"?>
<!-- Generated by org.testng.reporters.JUnitXMLReporter -->
<testsuite hostname="SYNPSZD4426" name="US 181409" tests="5" failures="1" timestamp="30 May 2018 14:56:30 GMT" time="125.977" errors="0">
  <testcase name="TC_11" time="20.111" classname="main.ManualUserStories.US_181409">
    <failure type="java.lang.AssertionError" message="null">
      <![CDATA[java.lang.AssertionError: null
	at main.ManualUserStories.US_181409.TC_11(US_181409.java:67)
... Removed 26 stack frames]]>
    </failure>
  </testcase> <!-- TC_11 -->
  <testcase name="TC_12" time="20.512" classname="main.ManualUserStories.US_181409"/>
  <testcase name="TC_13" time="19.039" classname="main.ManualUserStories.US_181409"/>
  <testcase name="TC_14" time="25.606" classname="main.ManualUserStories.US_181409"/>
  <testcase name="TC_15" time="19.263" classname="main.ManualUserStories.US_181409"/>
</testsuite> <!-- US 181409 -->
