<?xml version="1.0" encoding="UTF-8"?>
<!-- Generated by org.testng.reporters.JUnitXMLReporter -->
<testsuite hostname="SYNPSZD4426" name="US 182059" tests="3" failures="0" timestamp="30 May 2018 15:06:32 GMT" time="91.633" errors="0">
  <testcase name="tc_01" time="22.287" classname="main.ManualUserStories.US_182059"/>
  <testcase name="tc_02" time="23.241" classname="main.ManualUserStories.US_182059"/>
  <testcase name="tc_03" time="24.686" classname="main.ManualUserStories.US_182059"/>
</testsuite> <!-- US 182059 -->
