<?xml version="1.0" encoding="UTF-8"?>
<!-- Generated by org.testng.reporters.JUnitXMLReporter -->
<testsuite hostname="SYNPSZD4426" name="US 182410" tests="17" failures="2" timestamp="30 May 2018 15:05:00 GMT" time="510.02" errors="0">
  <testcase name="tc_01" time="14.594" classname="main.ManualUserStories.US_182410">
    <failure type="java.lang.AssertionError" message="null">
      <![CDATA[java.lang.AssertionError: null
	at main.ManualUserStories.US_182410.tc_01(US_182410.java:91)
... Removed 26 stack frames]]>
    </failure>
  </testcase> <!-- tc_01 -->
  <testcase name="tc_02" time="29.154" classname="main.ManualUserStories.US_182410"/>
  <testcase name="tc_03" time="30.762" classname="main.ManualUserStories.US_182410"/>
  <testcase name="tc_04" time="29.506" classname="main.ManualUserStories.US_182410"/>
  <testcase name="tc_05" time="25.981" classname="main.ManualUserStories.US_182410"/>
  <testcase name="tc_06" time="17.77" classname="main.ManualUserStories.US_182410">
    <failure type="java.lang.AssertionError" message="null">
      <![CDATA[java.lang.AssertionError: null
	at main.ManualUserStories.US_182410.tc_06(US_182410.java:474)
... Removed 26 stack frames]]>
    </failure>
  </testcase> <!-- tc_06 -->
  <testcase name="tc_07" time="27.616" classname="main.ManualUserStories.US_182410"/>
  <testcase name="tc_08" time="23.968" classname="main.ManualUserStories.US_182410"/>
  <testcase name="tc_09" time="24.666" classname="main.ManualUserStories.US_182410"/>
  <testcase name="tc_10" time="36.373" classname="main.ManualUserStories.US_182410"/>
  <testcase name="tc_11" time="35.824" classname="main.ManualUserStories.US_182410"/>
  <testcase name="tc_12" time="36.463" classname="main.ManualUserStories.US_182410"/>
  <testcase name="tc_13" time="35.856" classname="main.ManualUserStories.US_182410"/>
  <testcase name="tc_14" time="30.97" classname="main.ManualUserStories.US_182410"/>
  <testcase name="tc_15" time="32.258" classname="main.ManualUserStories.US_182410"/>
  <testcase name="tc_16" time="25.72" classname="main.ManualUserStories.US_182410"/>
  <testcase name="tc_17" time="31.154" classname="main.ManualUserStories.US_182410"/>
</testsuite> <!-- US 182410 -->
