<?xml version="1.0" encoding="UTF-8"?>
<!-- Generated by org.testng.reporters.JUnitXMLReporter -->
<testsuite hostname="SYNPSZD4426" name="US 134932" tests="11" failures="0" timestamp="30 May 2018 15:18:55 GMT" time="137.189" errors="0">
  <testcase name="tc_01" time="8.263" classname="main.ManualUserStories.US_134932"/>
  <testcase name="tc_02" time="7.982" classname="main.ManualUserStories.US_134932"/>
  <testcase name="tc_03" time="7.997" classname="main.ManualUserStories.US_134932"/>
  <testcase name="tc_04" time="8.367" classname="main.ManualUserStories.US_134932"/>
  <testcase name="tc_05" time="8.388" classname="main.ManualUserStories.US_134932"/>
  <testcase name="tc_06" time="8.233" classname="main.ManualUserStories.US_134932"/>
  <testcase name="tc_07" time="8.361" classname="main.ManualUserStories.US_134932"/>
  <testcase name="tc_08" time="8.183" classname="main.ManualUserStories.US_134932"/>
  <testcase name="tc_09" time="8.355" classname="main.ManualUserStories.US_134932"/>
  <testcase name="tc_10" time="9.588" classname="main.ManualUserStories.US_134932"/>
  <testcase name="tc_11" time="31.824" classname="main.ManualUserStories.US_134932"/>
</testsuite> <!-- US 134932 -->
