<?xml version="1.0" encoding="UTF-8"?>
<!-- Generated by org.testng.reporters.JUnitXMLReporter -->
<testsuite hostname="SYNPSZD4426" name="US 193234" tests="1" failures="1" timestamp="30 May 2018 15:41:46 GMT" time="51.114" errors="0">
  <testcase name="tc_01" time="29.293" classname="main.ManualUserStories.US_193234">
    <failure type="java.lang.AssertionError" message="null">
      <![CDATA[java.lang.AssertionError: null
	at main.ManualUserStories.US_193234.tc_01(US_193234.java:85)
... Removed 26 stack frames]]>
    </failure>
  </testcase> <!-- tc_01 -->
</testsuite> <!-- US 193234 -->
