<?xml version="1.0" encoding="UTF-8"?>
<!-- Generated by org.testng.reporters.JUnitXMLReporter -->
<testsuite hostname="SYNPSZD4426" name="US 181989" tests="7" failures="0" timestamp="30 May 2018 14:38:20 GMT" time="157.653" errors="0">
  <testcase name="tc_01" time="15.893" classname="main.ManualUserStories.US_181989"/>
  <testcase name="tc_02" time="17.316" classname="main.ManualUserStories.US_181989"/>
  <testcase name="tc_03" time="15.895" classname="main.ManualUserStories.US_181989"/>
  <testcase name="tc_04" time="22.655" classname="main.ManualUserStories.US_181989"/>
  <testcase name="tc_05" time="22.731" classname="main.ManualUserStories.US_181989"/>
  <testcase name="tc_06" time="22.3" classname="main.ManualUserStories.US_181989"/>
  <testcase name="tc_07" time="19.888" classname="main.ManualUserStories.US_181989"/>
</testsuite> <!-- US 181989 -->
