<?xml version="1.0" encoding="UTF-8"?>
<!-- Generated by org.testng.reporters.JUnitXMLReporter -->
<testsuite hostname="SYNPSZD4426" name="US 192672" tests="3" failures="1" timestamp="30 May 2018 14:54:24 GMT" time="92.036" errors="0">
  <testcase name="tc_01" time="26.325" classname="main.ManualUserStories.US_192672"/>
  <testcase name="TC_02" time="21.573" classname="main.ManualUserStories.US_192672">
    <failure type="java.lang.AssertionError" message="null">
      <![CDATA[java.lang.AssertionError: null
	at main.ManualUserStories.US_192672.TC_02(US_192672.java:160)
... Removed 26 stack frames]]>
    </failure>
  </testcase> <!-- TC_02 -->
  <testcase name="TC_03" time="23.161" classname="main.ManualUserStories.US_192672"/>
</testsuite> <!-- US 192672 -->
