<?xml version="1.0" encoding="UTF-8"?>
<!-- Generated by org.testng.reporters.JUnitXMLReporter -->
<testsuite hostname="SYNPSZD4426" name="US 208522" tests="4" failures="0" timestamp="30 May 2018 13:20:26 GMT" time="186.843" errors="0">
  <testcase name="tc_01" time="38.059" classname="main.NewUserStories.US_208522"/>
  <testcase name="tc_02" time="18.942" classname="main.NewUserStories.US_208522"/>
  <testcase name="tc_03" time="35.319" classname="main.NewUserStories.US_208522"/>
  <testcase name="tc_04" time="44.375" classname="main.NewUserStories.US_208522"/>
</testsuite> <!-- US 208522 -->
