<?xml version="1.0" encoding="UTF-8"?>
<!-- Generated by org.testng.reporters.JUnitXMLReporter -->
<testsuite hostname="SYNPSZD4426" name="US 210268" tests="6" failures="0" timestamp="30 May 2018 12:53:39 GMT" time="283.31" errors="0">
  <testcase name="tc_01" time="37.419" classname="main.NewUserStories.US_210268"/>
  <testcase name="tc_02" time="39.688" classname="main.NewUserStories.US_210268"/>
  <testcase name="tc_03" time="37.782" classname="main.NewUserStories.US_210268"/>
  <testcase name="tc_04" time="43.17" classname="main.NewUserStories.US_210268"/>
  <testcase name="tc_05" time="29.676" classname="main.NewUserStories.US_210268"/>
  <testcase name="tc_06" time="53.332" classname="main.NewUserStories.US_210268"/>
</testsuite> <!-- US 210268 -->
