<?xml version="1.0" encoding="UTF-8"?>
<!-- Generated by org.testng.reporters.JUnitXMLReporter -->
<testsuite hostname="SYNPSZD4426" name="US 208524" tests="8" failures="0" timestamp="30 May 2018 13:25:02 GMT" time="104.563" errors="0">
  <testcase name="TC_01" time="5.771" classname="main.NewUserStories.US_208524"/>
  <testcase name="TC_02" time="6.988" classname="main.NewUserStories.US_208524"/>
  <testcase name="TC_03" time="6.997" classname="main.NewUserStories.US_208524"/>
  <testcase name="TC_04" time="6.973" classname="main.NewUserStories.US_208524"/>
  <testcase name="TC_05" time="7.326" classname="main.NewUserStories.US_208524"/>
  <testcase name="TC_06" time="7.486" classname="main.NewUserStories.US_208524"/>
  <testcase name="TC_07" time="7.888" classname="main.NewUserStories.US_208524"/>
  <testcase name="TC_08" time="7.477" classname="main.NewUserStories.US_208524"/>
</testsuite> <!-- US 208524 -->
