<?xml version="1.0" encoding="UTF-8"?>
<!-- Generated by org.testng.reporters.JUnitXMLReporter -->
<testsuite hostname="SYNPSZD4426" name="US 207727" tests="3" failures="0" timestamp="30 May 2018 13:11:01 GMT" time="78.598" errors="0">
  <testcase name="tc_01" time="7.897" classname="main.NewUserStories.US_207727"/>
  <testcase name="tc_02" time="6.1" classname="main.NewUserStories.US_207727"/>
  <testcase name="tc_04" time="28.707" classname="main.NewUserStories.US_207727"/>
</testsuite> <!-- US 207727 -->
