<?xml version="1.0" encoding="UTF-8"?>
<!-- Generated by org.testng.reporters.JUnitXMLReporter -->
<testsuite hostname="SYNPSZD4426" name="US 208035" tests="30" failures="0" timestamp="30 May 2018 12:16:05 GMT" time="1425.742" errors="0">
  <testcase name="tc_01" time="42.563" classname="main.NewUserStories.US_208035"/>
  <testcase name="tc_02" time="29.116" classname="main.NewUserStories.US_208035"/>
  <testcase name="tc_03" time="27.48" classname="main.NewUserStories.US_208035"/>
  <testcase name="tc_04" time="44.714" classname="main.NewUserStories.US_208035"/>
  <testcase name="tc_05" time="41.809" classname="main.NewUserStories.US_208035"/>
  <testcase name="tc_06" time="37.595" classname="main.NewUserStories.US_208035"/>
  <testcase name="tc_07" time="59.67" classname="main.NewUserStories.US_208035"/>
  <testcase name="tc_08" time="57.503" classname="main.NewUserStories.US_208035"/>
  <testcase name="tc_09" time="45.859" classname="main.NewUserStories.US_208035"/>
  <testcase name="tc_10" time="61.648" classname="main.NewUserStories.US_208035"/>
  <testcase name="tc_11" time="42.239" classname="main.NewUserStories.US_208035"/>
  <testcase name="tc_12" time="46.668" classname="main.NewUserStories.US_208035"/>
  <testcase name="tc_13" time="39.842" classname="main.NewUserStories.US_208035"/>
  <testcase name="tc_14" time="30.992" classname="main.NewUserStories.US_208035"/>
  <testcase name="tc_15" time="38.722" classname="main.NewUserStories.US_208035"/>
  <testcase name="tc_16" time="31.01" classname="main.NewUserStories.US_208035"/>
  <testcase name="tc_17" time="36.792" classname="main.NewUserStories.US_208035"/>
  <testcase name="tc_18" time="38.704" classname="main.NewUserStories.US_208035"/>
  <testcase name="tc_19" time="35.287" classname="main.NewUserStories.US_208035"/>
  <testcase name="tc_20" time="36.906" classname="main.NewUserStories.US_208035"/>
  <testcase name="tc_21" time="39.931" classname="main.NewUserStories.US_208035"/>
  <testcase name="tc_22" time="46.249" classname="main.NewUserStories.US_208035"/>
  <testcase name="tc_23" time="62.198" classname="main.NewUserStories.US_208035"/>
  <testcase name="tc_24" time="58.22" classname="main.NewUserStories.US_208035"/>
  <testcase name="tc_25" time="69.621" classname="main.NewUserStories.US_208035"/>
  <testcase name="tc_26" time="36.648" classname="main.NewUserStories.US_208035"/>
  <testcase name="tc_27" time="59.163" classname="main.NewUserStories.US_208035"/>
  <testcase name="tc_28" time="45.537" classname="main.NewUserStories.US_208035"/>
  <testcase name="tc_29" time="56.343" classname="main.NewUserStories.US_208035"/>
  <testcase name="tc_30" time="60.879" classname="main.NewUserStories.US_208035"/>
</testsuite> <!-- US 208035 -->
