<?xml version="1.0" encoding="UTF-8"?>
<!-- Generated by org.testng.reporters.JUnitXMLReporter -->
<testsuite hostname="SYNPSZD4426" name="US 208050" tests="5" failures="0" timestamp="30 May 2018 13:48:58 GMT" time="66.668" errors="0">
  <testcase name="tc_01" time="3.728" classname="main.NewUserStories.US_208050"/>
  <testcase name="tc_02" time="6.717" classname="main.NewUserStories.US_208050"/>
  <testcase name="tc_03" time="3.676" classname="main.NewUserStories.US_208050"/>
  <testcase name="tc_04" time="9.985" classname="main.NewUserStories.US_208050"/>
  <testcase name="tc_05" time="14.907" classname="main.NewUserStories.US_208050"/>
</testsuite> <!-- US 208050 -->
