<?xml version="1.0" encoding="UTF-8"?>
<!-- Generated by org.testng.reporters.JUnitXMLReporter -->
<testsuite hostname="SYNPSZD4426" name="US 207163" tests="5" failures="0" timestamp="30 May 2018 13:07:32 GMT" time="115.499" errors="0">
  <testcase name="tc_01" time="12.258" classname="main.NewUserStories.US_207163"/>
  <testcase name="tc_02" time="12.094" classname="main.NewUserStories.US_207163"/>
  <testcase name="tc_03" time="12.851" classname="main.NewUserStories.US_207163"/>
  <testcase name="tc_04" time="11.856" classname="main.NewUserStories.US_207163"/>
  <testcase name="tc_05" time="28.288" classname="main.NewUserStories.US_207163"/>
</testsuite> <!-- US 207163 -->
