<?xml version="1.0" encoding="UTF-8"?>
<!-- Generated by org.testng.reporters.JUnitXMLReporter -->
<testsuite hostname="SYNPSZD4426" name="US 208170" tests="24" failures="3" timestamp="30 May 2018 12:35:15 GMT" time="1150.083" errors="0">
  <testcase name="tc_01" time="34.921" classname="main.NewUserStories.US_208170">
    <failure type="java.lang.AssertionError" message="null">
      <![CDATA[java.lang.AssertionError: null
	at main.NewUserStories.US_208170.tc_01(US_208170.java:86)
... Removed 26 stack frames]]>
    </failure>
  </testcase> <!-- tc_01 -->
  <testcase name="tc_02" time="43.803" classname="main.NewUserStories.US_208170"/>
  <testcase name="tc_03" time="48.668" classname="main.NewUserStories.US_208170"/>
  <testcase name="tc_04" time="42.916" classname="main.NewUserStories.US_208170"/>
  <testcase name="tc_05" time="47.33" classname="main.NewUserStories.US_208170"/>
  <testcase name="tc_06" time="39.703" classname="main.NewUserStories.US_208170"/>
  <testcase name="tc_07" time="27.132" classname="main.NewUserStories.US_208170"/>
  <testcase name="tc_08" time="39.727" classname="main.NewUserStories.US_208170"/>
  <testcase name="tc_09" time="21.746" classname="main.NewUserStories.US_208170">
    <failure type="java.lang.AssertionError" message="null">
      <![CDATA[java.lang.AssertionError: null
	at main.NewUserStories.US_208170.tc_09(US_208170.java:635)
... Removed 26 stack frames]]>
    </failure>
  </testcase> <!-- tc_09 -->
  <testcase name="tc_10" time="36.967" classname="main.NewUserStories.US_208170"/>
  <testcase name="tc_11" time="46.788" classname="main.NewUserStories.US_208170"/>
  <testcase name="tc_12" time="53.203" classname="main.NewUserStories.US_208170"/>
  <testcase name="tc_13" time="39.073" classname="main.NewUserStories.US_208170"/>
  <testcase name="tc_14" time="54.247" classname="main.NewUserStories.US_208170"/>
  <testcase name="tc_15" time="42.616" classname="main.NewUserStories.US_208170"/>
  <testcase name="tc_16" time="58.153" classname="main.NewUserStories.US_208170"/>
  <testcase name="tc_17" time="46.213" classname="main.NewUserStories.US_208170">
    <failure type="java.lang.AssertionError" message="null">
      <![CDATA[java.lang.AssertionError: null
	at main.NewUserStories.US_208170.tc_17(US_208170.java:1182)
... Removed 26 stack frames]]>
    </failure>
  </testcase> <!-- tc_17 -->
  <testcase name="tc_18" time="48.822" classname="main.NewUserStories.US_208170"/>
  <testcase name="tc_19" time="45.466" classname="main.NewUserStories.US_208170"/>
  <testcase name="tc_20" time="41.944" classname="main.NewUserStories.US_208170"/>
  <testcase name="tc_21" time="60.607" classname="main.NewUserStories.US_208170"/>
  <testcase name="tc_22" time="61.715" classname="main.NewUserStories.US_208170"/>
  <testcase name="tc_23" time="50.45" classname="main.NewUserStories.US_208170"/>
  <testcase name="tc_24" time="51.746" classname="main.NewUserStories.US_208170"/>
</testsuite> <!-- US 208170 -->
