<?xml version="1.0" encoding="UTF-8"?>
<!-- Generated by org.testng.reporters.JUnitXMLReporter -->
<testsuite hostname="SYNPSZD4426" name="US 207255" tests="3" failures="0" timestamp="30 May 2018 13:13:07 GMT" time="126.129" errors="0">
  <testcase name="TC_01" time="13.224" classname="main.NewUserStories.US_207255"/>
  <testcase name="TC_03" time="13.004" classname="main.NewUserStories.US_207255"/>
  <testcase name="TC_04" time="47.204" classname="main.NewUserStories.US_207255"/>
</testsuite> <!-- US 207255 -->
