<?xml version="1.0" encoding="UTF-8"?>
<!-- Generated by org.testng.reporters.JUnitXMLReporter -->
<testsuite hostname="SYNPSZD4426" name="US 203021" tests="12" failures="0" timestamp="30 May 2018 15:32:05 GMT" time="284.985" errors="0">
  <testcase name="tc_01" time="13.213" classname="main.ManualUserStories.US_203021"/>
  <testcase name="tc_02" time="15.649" classname="main.ManualUserStories.US_203021"/>
  <testcase name="tc_03" time="18.8" classname="main.ManualUserStories.US_203021"/>
  <testcase name="tc_04" time="23.556" classname="main.ManualUserStories.US_203021"/>
  <testcase name="tc_05" time="22.446" classname="main.ManualUserStories.US_203021"/>
  <testcase name="tc_06" time="25.259" classname="main.ManualUserStories.US_203021"/>
  <testcase name="tc_07" time="9.782" classname="main.ManualUserStories.US_203021"/>
  <testcase name="tc_08" time="25.121" classname="main.ManualUserStories.US_203021"/>
  <testcase name="tc_09" time="23.003" classname="main.ManualUserStories.US_203021"/>
  <testcase name="tc_10" time="25.862" classname="main.ManualUserStories.US_203021"/>
  <testcase name="tc_11" time="29.949" classname="main.ManualUserStories.US_203021"/>
  <testcase name="tc_12" time="30.453" classname="main.ManualUserStories.US_203021"/>
</testsuite> <!-- US 203021 -->
