<?xml version="1.0" encoding="UTF-8"?>
<!-- Generated by org.testng.reporters.JUnitXMLReporter -->
<testsuite hostname="SYNPSZD4426" name="US 208017" tests="6" failures="0" timestamp="30 May 2018 13:53:25 GMT" time="266.91" errors="0">
  <testcase name="tc_01" time="28.707" classname="main.NewUserStories.US_208017"/>
  <testcase name="tc_02" time="32.99" classname="main.NewUserStories.US_208017"/>
  <testcase name="tc_03" time="35.091" classname="main.NewUserStories.US_208017"/>
  <testcase name="tc_04" time="39.952" classname="main.NewUserStories.US_208017"/>
  <testcase name="tc_05" time="61.09" classname="main.NewUserStories.US_208017"/>
  <testcase name="tc_06" time="38.782" classname="main.NewUserStories.US_208017"/>
</testsuite> <!-- US 208017 -->
