<?xml version="1.0" encoding="UTF-8"?>
<!-- Generated by org.testng.reporters.JUnitXMLReporter -->
<testsuite hostname="SYNPSZD4426" name="US 210201" tests="9" failures="0" timestamp="30 May 2018 13:05:37 GMT" time="179.598" errors="0">
  <testcase name="tc_01" time="13.173" classname="main.NewUserStories.US_210201"/>
  <testcase name="tc_02" time="13.68" classname="main.NewUserStories.US_210201"/>
  <testcase name="tc_03" time="13.571" classname="main.NewUserStories.US_210201"/>
  <testcase name="tc_04" time="14.048" classname="main.NewUserStories.US_210201"/>
  <testcase name="tc_05" time="13.438" classname="main.NewUserStories.US_210201"/>
  <testcase name="tc_06" time="13.535" classname="main.NewUserStories.US_210201"/>
  <testcase name="tc_07" time="13.539" classname="main.NewUserStories.US_210201"/>
  <testcase name="tc_08" time="13.555" classname="main.NewUserStories.US_210201"/>
  <testcase name="tc_09" time="13.598" classname="main.NewUserStories.US_210201"/>
</testsuite> <!-- US 210201 -->
