<?xml version="1.0" encoding="UTF-8"?>
<!-- Generated by org.testng.reporters.JUnitXMLReporter -->
<testsuite hostname="SYNPSZD4426" name="US 206751" tests="6" failures="2" timestamp="30 May 2018 13:26:49 GMT" time="106.825" errors="0">
  <testcase name="TC_01" time="17.43" classname="main.NewUserStories.US_206751"/>
  <testcase name="TC_02" time="9.335" classname="main.NewUserStories.US_206751"/>
  <testcase name="TC_03" time="4.127" classname="main.NewUserStories.US_206751"/>
  <testcase name="TC_04" time="11.113" classname="main.NewUserStories.US_206751"/>
  <testcase name="TC_05" time="8.263" classname="main.NewUserStories.US_206751">
    <failure type="java.lang.AssertionError" message="null">
      <![CDATA[java.lang.AssertionError: null
	at main.NewUserStories.US_206751.TC_05(US_206751.java:406)
... Removed 26 stack frames]]>
    </failure>
  </testcase> <!-- TC_05 -->
  <testcase name="TC_06" time="6.691" classname="main.NewUserStories.US_206751">
    <failure type="java.lang.AssertionError" message="null">
      <![CDATA[java.lang.AssertionError: null
	at main.NewUserStories.US_206751.TC_06(US_206751.java:470)
... Removed 26 stack frames]]>
    </failure>
  </testcase> <!-- TC_06 -->
</testsuite> <!-- US 206751 -->
