<?xml version="1.0" encoding="UTF-8"?>
<!-- Generated by org.testng.reporters.JUnitXMLReporter -->
<testsuite hostname="SYNPSZD4426" name="US 207732" tests="10" failures="0" timestamp="30 May 2018 12:59:56 GMT" time="197.841" errors="0">
  <testcase name="TC_01" time="14.046" classname="main.NewUserStories.US_207732"/>
  <testcase name="TC_02" time="13.002" classname="main.NewUserStories.US_207732"/>
  <testcase name="TC_03" time="13.694" classname="main.NewUserStories.US_207732"/>
  <testcase name="TC_04" time="13.95" classname="main.NewUserStories.US_207732"/>
  <testcase name="TC_05" time="14.198" classname="main.NewUserStories.US_207732"/>
  <testcase name="TC_06" time="14.581" classname="main.NewUserStories.US_207732"/>
  <testcase name="TC_07" time="14.002" classname="main.NewUserStories.US_207732"/>
  <testcase name="TC_08" time="15.364" classname="main.NewUserStories.US_207732"/>
  <testcase name="TC_09" time="13.897" classname="main.NewUserStories.US_207732"/>
  <testcase name="TC_10" time="13.517" classname="main.NewUserStories.US_207732"/>
</testsuite> <!-- US 207732 -->
