<?xml version="1.0" encoding="UTF-8"?>
<!-- Generated by org.testng.reporters.JUnitXMLReporter -->
<testsuite hostname="SYNPSZD4426" name="US 207783" tests="7" failures="0" timestamp="30 May 2018 13:02:37 GMT" time="161.037" errors="0">
  <testcase name="tc_01" time="62.46" classname="main.NewUserStories.US_207783"/>
  <testcase name="tc_02" time="8.729" classname="main.NewUserStories.US_207783"/>
  <testcase name="tc_03" time="10.141" classname="main.NewUserStories.US_207783"/>
  <testcase name="tc_04" time="7.967" classname="main.NewUserStories.US_207783"/>
  <testcase name="tc_05" time="10.061" classname="main.NewUserStories.US_207783"/>
  <testcase name="tc_06" time="7.611" classname="main.NewUserStories.US_207783"/>
  <testcase name="tc_07" time="7.649" classname="main.NewUserStories.US_207783"/>
</testsuite> <!-- US 207783 -->
