<?xml version="1.0" encoding="UTF-8"?>
<!-- Generated by org.testng.reporters.JUnitXMLReporter -->
<testsuite hostname="SYNPSZD4426" name="US 210273" tests="5" failures="0" timestamp="30 May 2018 13:31:53 GMT" time="303.275" errors="0">
  <testcase name="tc_01" time="36.993" classname="main.NewUserStories.US_210273"/>
  <testcase name="tc_02" time="42.743" classname="main.NewUserStories.US_210273"/>
  <testcase name="tc_03" time="56.593" classname="main.NewUserStories.US_210273"/>
  <testcase name="tc_04" time="42.078" classname="main.NewUserStories.US_210273"/>
  <testcase name="tc_05" time="83.91" classname="main.NewUserStories.US_210273"/>
</testsuite> <!-- US 210273 -->
