<?xml version="1.0" encoding="UTF-8"?>
<!-- Generated by org.testng.reporters.JUnitXMLReporter -->
<testsuite hostname="SYNPSZD1809" name="US_208035" tests="30" failures="0" timestamp="11 May 2018 14:09:14 GMT" time="791.661" errors="0">
  <testcase name="tc_01" time="9.759" classname="main.NewUserStories.US_208035"/>
  <testcase name="tc_02" time="9.163" classname="main.NewUserStories.US_208035"/>
  <testcase name="tc_03" time="11.125" classname="main.NewUserStories.US_208035"/>
  <testcase name="tc_04" time="17.376" classname="main.NewUserStories.US_208035"/>
  <testcase name="tc_05" time="26.875" classname="main.NewUserStories.US_208035"/>
  <testcase name="tc_06" time="21.858" classname="main.NewUserStories.US_208035"/>
  <testcase name="tc_07" time="22.7" classname="main.NewUserStories.US_208035"/>
  <testcase name="tc_08" time="31.822" classname="main.NewUserStories.US_208035"/>
  <testcase name="tc_09" time="24.996" classname="main.NewUserStories.US_208035"/>
  <testcase name="tc_10" time="34.061" classname="main.NewUserStories.US_208035"/>
  <testcase name="tc_11" time="23.783" classname="main.NewUserStories.US_208035"/>
  <testcase name="tc_12" time="21.784" classname="main.NewUserStories.US_208035"/>
  <testcase name="tc_13" time="28.236" classname="main.NewUserStories.US_208035"/>
  <testcase name="tc_14" time="25.319" classname="main.NewUserStories.US_208035"/>
  <testcase name="tc_15" time="35.496" classname="main.NewUserStories.US_208035"/>
  <testcase name="tc_16" time="18.336" classname="main.NewUserStories.US_208035"/>
  <testcase name="tc_17" time="29.073" classname="main.NewUserStories.US_208035"/>
  <testcase name="tc_18" time="25.274" classname="main.NewUserStories.US_208035"/>
  <testcase name="tc_19" time="26.475" classname="main.NewUserStories.US_208035"/>
  <testcase name="tc_20" time="29.16" classname="main.NewUserStories.US_208035"/>
  <testcase name="tc_21" time="28.293" classname="main.NewUserStories.US_208035"/>
  <testcase name="tc_22" time="34.244" classname="main.NewUserStories.US_208035"/>
  <testcase name="tc_23" time="39.658" classname="main.NewUserStories.US_208035"/>
  <testcase name="tc_24" time="32.531" classname="main.NewUserStories.US_208035"/>
  <testcase name="tc_25" time="43.779" classname="main.NewUserStories.US_208035"/>
  <testcase name="tc_26" time="15.297" classname="main.NewUserStories.US_208035"/>
  <testcase name="tc_27" time="29.39" classname="main.NewUserStories.US_208035"/>
  <testcase name="tc_28" time="23.227" classname="main.NewUserStories.US_208035"/>
  <testcase name="tc_29" time="24.92" classname="main.NewUserStories.US_208035"/>
  <testcase name="tc_30" time="31.112" classname="main.NewUserStories.US_208035"/>
</testsuite> <!-- US_208035 -->
