<?xml version="1.0" encoding="UTF-8"?>
<!-- Generated by org.testng.reporters.JUnitXMLReporter -->
<testsuite hostname="SYNPS8154833" name="US_241569" tests="1" failures="1" timestamp="18 Apr 2018 14:15:35 GMT" time="31.319" errors="0">
  <testcase name="tc_01" time="0.763" classname="main.US_241569">
    <failure type="java.lang.NullPointerException">
      <![CDATA[java.lang.NullPointerException
	at com.relevantcodes.extentreports.ExtentReports.endTest(ExtentReports.java:150)
	at library.Reporter.TestCaseEnd(Reporter.java:56)
	at main.US_241569.tc_01(US_241569.java:77)
... Removed 24 stack frames]]>
    </failure>
  </testcase> <!-- tc_01 -->
</testsuite> <!-- US_241569 -->
